#
# There is insufficient memory for the Java Runtime Environment to continue.
# Native memory allocation (mmap) failed to map 180355072 bytes for G1 virtual space
# Possible reasons:
#   The system is out of physical RAM or swap space
#   The process is running with CompressedOops enabled, and the Java Heap may be blocking the growth of the native heap
# Possible solutions:
#   Reduce memory load on the system
#   Increase physical memory or swap space
#   Check if swap backing store is full
#   Decrease Java heap size (-Xmx/-Xms)
#   Decrease number of Java threads
#   Decrease Java thread stack sizes (-Xss)
#   Set larger code cache with -XX:ReservedCodeCacheSize=
#   JVM is running with Unscaled Compressed Oops mode in which the Java heap is
#     placed in the first 4GB address space. The Java Heap base address is the
#     maximum limit for the native heap growth. Please use -XX:HeapBaseMinAddress
#     to set the Java Heap base and to place the Java Heap above 4GB virtual address.
# This output file may be truncated or incomplete.
#
#  Out of Memory Error (os_windows.cpp:3559), pid=12460, tid=10328
#
# JRE version: OpenJDK Runtime Environment Temurin-17.0.7+7 (17.0.7+7) (build 17.0.7+7)
# Java VM: OpenJDK 64-Bit Server VM Temurin-17.0.7+7 (17.0.7+7, mixed mode, emulated-client, tiered, compressed oops, compressed class ptrs, g1 gc, windows-amd64)
# No core dump will be written. Minidumps are not enabled by default on client versions of Windows
#

---------------  S U M M A R Y ------------

Command Line: -XX:TieredStopAtLevel=1 -Dfile.encoding=windows-1252 -Duser.country=AR -Duser.language=es -Duser.variant com.medical.springserver.SpringServerApplication

Host: AMD Ryzen 5 3500U with Radeon Vega Mobile Gfx  , 8 cores, 3G,  Windows 11 , 64 bit Build 22621 (10.0.22621.1928)
Time: Sun Oct  8 23:44:57 2023 Hora estándar de Argentina elapsed time: 35852.572632 seconds (0d 9h 57m 32s)

---------------  T H R E A D  ---------------

Current thread (0x000001c90e0251f0):  VMThread "VM Thread" [stack: 0x0000009499200000,0x0000009499300000] [id=10328]

Stack: [0x0000009499200000,0x0000009499300000]
Native frames: (J=compiled Java code, j=interpreted, Vv=VM code, C=native code)
V  [jvm.dll+0x67754a]
V  [jvm.dll+0x834304]
V  [jvm.dll+0x835aae]
V  [jvm.dll+0x836113]
V  [jvm.dll+0x24696f]
V  [jvm.dll+0x6743f9]
V  [jvm.dll+0x668c8a]
V  [jvm.dll+0x3061bb]
V  [jvm.dll+0x30d6a6]
V  [jvm.dll+0x35cece]
V  [jvm.dll+0x35d0ff]
V  [jvm.dll+0x2dd048]
V  [jvm.dll+0x2e00d6]
V  [jvm.dll+0x2ea7a8]
V  [jvm.dll+0x31e8f0]
V  [jvm.dll+0x83a5bb]
V  [jvm.dll+0x83b2f4]
V  [jvm.dll+0x83b80c]
V  [jvm.dll+0x83bbe4]
V  [jvm.dll+0x83bcb0]
V  [jvm.dll+0x7e4e7a]
V  [jvm.dll+0x676395]
C  [ucrtbase.dll+0x29363]
C  [KERNEL32.DLL+0x126ad]
C  [ntdll.dll+0x5aa68]

VM_Operation (0x0000009498eff5a0): G1Concurrent, mode: safepoint, requested by thread 0x000001c902dc33f0


---------------  P R O C E S S  ---------------

Threads class SMR info:
_java_thread_list=0x000001c914d2aab0, length=41, elements={
0x000001c90e02adc0, 0x000001c90e02b970, 0x000001c90e07f130, 0x000001c90e083c00,
0x000001c90e0885d0, 0x000001c90e088f80, 0x000001c90e0899e0, 0x000001c90e1ca980,
0x000001c90e3c89d0, 0x000001c90e3dc1c0, 0x000001c913bf0010, 0x000001c913bf29e0,
0x000001c913bf2eb0, 0x000001c913a9d050, 0x000001c913df0400, 0x000001c9151011c0,
0x000001c915127030, 0x000001c915127500, 0x000001c9150fb020, 0x000001c9150fb4f0,
0x000001c915141070, 0x000001c915144a30, 0x000001c915144090, 0x000001c915142d50,
0x000001c915141540, 0x000001c915141ee0, 0x000001c915144560, 0x000001c915141a10,
0x000001c9151423b0, 0x000001c915142880, 0x000001c915143220, 0x000001c9151436f0,
0x000001c915143bc0, 0x000001c9151a34b0, 0x000001c9151a3980, 0x000001c9151a69a0,
0x000001c9151a6e70, 0x000001c9151a3e50, 0x000001c9151a5660, 0x000001c9151a8b50,
0x000001c91a178870
}

Java Threads: ( => current thread )
  0x000001c90e02adc0 JavaThread "Reference Handler" daemon [_thread_blocked, id=4076, stack(0x0000009499300000,0x0000009499400000)]
  0x000001c90e02b970 JavaThread "Finalizer" daemon [_thread_blocked, id=6376, stack(0x0000009499400000,0x0000009499500000)]
  0x000001c90e07f130 JavaThread "Signal Dispatcher" daemon [_thread_blocked, id=9508, stack(0x0000009499500000,0x0000009499600000)]
  0x000001c90e083c00 JavaThread "Attach Listener" daemon [_thread_blocked, id=12328, stack(0x0000009499600000,0x0000009499700000)]
  0x000001c90e0885d0 JavaThread "Service Thread" daemon [_thread_blocked, id=11972, stack(0x0000009499700000,0x0000009499800000)]
  0x000001c90e088f80 JavaThread "Monitor Deflation Thread" daemon [_thread_blocked, id=13184, stack(0x0000009499800000,0x0000009499900000)]
  0x000001c90e0899e0 JavaThread "C1 CompilerThread0" daemon [_thread_blocked, id=7276, stack(0x0000009499900000,0x0000009499a00000)]
  0x000001c90e1ca980 JavaThread "Sweeper thread" daemon [_thread_blocked, id=15456, stack(0x0000009499a00000,0x0000009499b00000)]
  0x000001c90e3c89d0 JavaThread "Notification Thread" daemon [_thread_blocked, id=4324, stack(0x0000009499d00000,0x0000009499e00000)]
  0x000001c90e3dc1c0 JavaThread "Common-Cleaner" daemon [_thread_blocked, id=732, stack(0x0000009499f00000,0x000000949a000000)]
  0x000001c913bf0010 JavaThread "Catalina-utility-1" [_thread_blocked, id=16452, stack(0x000000949a400000,0x000000949a500000)]
  0x000001c913bf29e0 JavaThread "Catalina-utility-2" [_thread_blocked, id=15396, stack(0x000000949a900000,0x000000949aa00000)]
  0x000001c913bf2eb0 JavaThread "container-0" [_thread_blocked, id=10532, stack(0x000000949aa00000,0x000000949ab00000)]
  0x000001c913a9d050 JavaThread "mysql-cj-abandoned-connection-cleanup" daemon [_thread_blocked, id=1576, stack(0x000000949ab00000,0x000000949ac00000)]
  0x000001c913df0400 JavaThread "HikariPool-1 housekeeper" daemon [_thread_blocked, id=4592, stack(0x000000949ad00000,0x000000949ae00000)]
  0x000001c9151011c0 JavaThread "quartzScheduler_Worker-1" [_thread_blocked, id=12916, stack(0x000000949ae00000,0x000000949af00000)]
  0x000001c915127030 JavaThread "quartzScheduler_Worker-2" [_thread_blocked, id=14820, stack(0x000000949af00000,0x000000949b000000)]
  0x000001c915127500 JavaThread "quartzScheduler_Worker-3" [_thread_blocked, id=12828, stack(0x000000949b000000,0x000000949b100000)]
  0x000001c9150fb020 JavaThread "quartzScheduler_Worker-4" [_thread_blocked, id=7172, stack(0x000000949b100000,0x000000949b200000)]
  0x000001c9150fb4f0 JavaThread "quartzScheduler_Worker-5" [_thread_blocked, id=11476, stack(0x000000949b200000,0x000000949b300000)]
  0x000001c915141070 JavaThread "quartzScheduler_Worker-6" [_thread_blocked, id=1488, stack(0x000000949b300000,0x000000949b400000)]
  0x000001c915144a30 JavaThread "quartzScheduler_Worker-7" [_thread_blocked, id=6944, stack(0x000000949b400000,0x000000949b500000)]
  0x000001c915144090 JavaThread "quartzScheduler_Worker-8" [_thread_blocked, id=7508, stack(0x000000949b500000,0x000000949b600000)]
  0x000001c915142d50 JavaThread "quartzScheduler_Worker-9" [_thread_blocked, id=5464, stack(0x000000949b600000,0x000000949b700000)]
  0x000001c915141540 JavaThread "quartzScheduler_Worker-10" [_thread_blocked, id=6752, stack(0x000000949b700000,0x000000949b800000)]
  0x000001c915141ee0 JavaThread "quartzScheduler_QuartzSchedulerThread" [_thread_blocked, id=11176, stack(0x000000949b800000,0x000000949b900000)]
  0x000001c915144560 JavaThread "http-nio-8080-exec-1" daemon [_thread_blocked, id=12248, stack(0x000000949b900000,0x000000949ba00000)]
  0x000001c915141a10 JavaThread "http-nio-8080-exec-2" daemon [_thread_blocked, id=14624, stack(0x000000949ba00000,0x000000949bb00000)]
  0x000001c9151423b0 JavaThread "http-nio-8080-exec-3" daemon [_thread_blocked, id=17148, stack(0x000000949bb00000,0x000000949bc00000)]
  0x000001c915142880 JavaThread "http-nio-8080-exec-4" daemon [_thread_blocked, id=12740, stack(0x000000949bc00000,0x000000949bd00000)]
  0x000001c915143220 JavaThread "http-nio-8080-exec-5" daemon [_thread_blocked, id=12300, stack(0x000000949bd00000,0x000000949be00000)]
  0x000001c9151436f0 JavaThread "http-nio-8080-exec-6" daemon [_thread_blocked, id=14892, stack(0x000000949be00000,0x000000949bf00000)]
  0x000001c915143bc0 JavaThread "http-nio-8080-exec-7" daemon [_thread_blocked, id=5828, stack(0x000000949bf00000,0x000000949c000000)]
  0x000001c9151a34b0 JavaThread "http-nio-8080-exec-8" daemon [_thread_blocked, id=4668, stack(0x000000949c000000,0x000000949c100000)]
  0x000001c9151a3980 JavaThread "http-nio-8080-exec-9" daemon [_thread_blocked, id=16360, stack(0x000000949c100000,0x000000949c200000)]
  0x000001c9151a69a0 JavaThread "http-nio-8080-Poller" daemon [_thread_in_native, id=9656, stack(0x000000949c300000,0x000000949c400000)]
  0x000001c9151a6e70 JavaThread "http-nio-8080-Acceptor" daemon [_thread_in_native, id=4952, stack(0x000000949c400000,0x000000949c500000)]
  0x000001c9151a3e50 JavaThread "scheduling-1" [_thread_blocked, id=17248, stack(0x000000949c500000,0x000000949c600000)]
  0x000001c9151a5660 JavaThread "DestroyJavaVM" [_thread_blocked, id=14272, stack(0x0000009498c00000,0x0000009498d00000)]
  0x000001c9151a8b50 JavaThread "http-nio-8080-exec-11" daemon [_thread_blocked, id=11584, stack(0x0000009498900000,0x0000009498a00000)]
  0x000001c91a178870 JavaThread "C1 CompilerThread1" daemon [_thread_blocked, id=6776, stack(0x0000009498a00000,0x0000009498b00000)]

Other Threads:
=>0x000001c90e0251f0 VMThread "VM Thread" [stack: 0x0000009499200000,0x0000009499300000] [id=10328]
  0x000001c902dcb5f0 WatcherThread [stack: 0x0000009499e00000,0x0000009499f00000] [id=16840]
  0x000001c902db97c0 GCTaskThread "GC Thread#0" [stack: 0x0000009498d00000,0x0000009498e00000] [id=16624]
  0x000001c90ed79f30 GCTaskThread "GC Thread#1" [stack: 0x000000949a000000,0x000000949a100000] [id=15556]
  0x000001c90edbe920 GCTaskThread "GC Thread#2" [stack: 0x000000949a100000,0x000000949a200000] [id=9348]
  0x000001c90edbebd0 GCTaskThread "GC Thread#3" [stack: 0x000000949a200000,0x000000949a300000] [id=10380]
  0x000001c91302f5e0 GCTaskThread "GC Thread#4" [stack: 0x000000949a300000,0x000000949a400000] [id=16352]
  0x000001c9131cc850 GCTaskThread "GC Thread#5" [stack: 0x000000949a500000,0x000000949a600000] [id=8680]
  0x000001c9131ccb00 GCTaskThread "GC Thread#6" [stack: 0x000000949a600000,0x000000949a700000] [id=15860]
  0x000001c913384e30 GCTaskThread "GC Thread#7" [stack: 0x000000949a700000,0x000000949a800000] [id=11400]
  0x000001c902dc33f0 ConcurrentGCThread "G1 Main Marker" [stack: 0x0000009498e00000,0x0000009498f00000] [id=10368]
  0x000001c902dc4440 ConcurrentGCThread "G1 Conc#0" [stack: 0x0000009498f00000,0x0000009499000000] [id=4960]
  0x000001c913417db0 ConcurrentGCThread "G1 Conc#1" [stack: 0x000000949a800000,0x000000949a900000] [id=11980]
  0x000001c902e12d80 ConcurrentGCThread "G1 Refine#0" [stack: 0x0000009499000000,0x0000009499100000] [id=15836]
  0x000001c902e13640 ConcurrentGCThread "G1 Service" [stack: 0x0000009499100000,0x0000009499200000] [id=17276]

Threads with active compile tasks:

VM state: at safepoint (normal execution)

VM Mutex/Monitor currently owned by a thread:  ([mutex/lock_event])
[0x000001c902d7b000] Threads_lock - owner thread: 0x000001c90e0251f0
[0x000001c902d79980] Heap_lock - owner thread: 0x000001c902dc33f0

Heap address: 0x00000000c8e00000, size: 882 MB, Compressed Oops mode: 32-bit

CDS archive(s) not mapped
Compressed class space mapped at: 0x0000000100000000-0x0000000140000000, reserved size: 1073741824
Narrow klass base: 0x0000000000000000, Narrow klass shift: 3, Narrow klass range: 0x140000000

GC Precious Log:
 CPUs: 8 total, 8 available
 Memory: 3522M
 Large Page Support: Disabled
 NUMA Support: Disabled
 Compressed Oops: Enabled (32-bit)
 Heap Region Size: 1M
 Heap Min Capacity: 8M
 Heap Initial Capacity: 56M
 Heap Max Capacity: 882M
 Pre-touch: Disabled
 Parallel Workers: 8
 Concurrent Workers: 2
 Concurrent Refinement Workers: 8
 Periodic GC: Disabled

Heap:
 garbage-first heap   total 322560K, used 296789K [0x00000000c8e00000, 0x0000000100000000)
  region size 1024K, 6 young (6144K), 1 survivors (1024K)
 Metaspace       used 86754K, committed 87488K, reserved 1179648K
  class space    used 12145K, committed 12480K, reserved 1048576K

Heap Regions: E=young(eden), S=young(survivor), O=old, HS=humongous(starts), HC=humongous(continues), CS=collection set, F=free, OA=open archive, CA=closed archive, TAMS=top-at-mark-start (previous, next)
|   0|0x00000000c8e00000, 0x00000000c8f00000, 0x00000000c8f00000|100%|HS|  |TAMS 0x00000000c8f00000, 0x00000000c8e00000| Complete 
|   1|0x00000000c8f00000, 0x00000000c9000000, 0x00000000c9000000|100%|HS|  |TAMS 0x00000000c9000000, 0x00000000c8f00000| Complete 
|   2|0x00000000c9000000, 0x00000000c9100000, 0x00000000c9100000|100%| O|  |TAMS 0x00000000c9100000, 0x00000000c9000000| Untracked 
|   3|0x00000000c9100000, 0x00000000c9200000, 0x00000000c9200000|100%| O|  |TAMS 0x00000000c9200000, 0x00000000c9100000| Updating 
|   4|0x00000000c9200000, 0x00000000c9300000, 0x00000000c9300000|100%| O|  |TAMS 0x00000000c9300000, 0x00000000c9200000| Untracked 
|   5|0x00000000c9300000, 0x00000000c9400000, 0x00000000c9400000|100%| O|  |TAMS 0x00000000c9400000, 0x00000000c9300000| Untracked 
|   6|0x00000000c9400000, 0x00000000c9500000, 0x00000000c9500000|100%| O|  |TAMS 0x00000000c9500000, 0x00000000c9400000| Untracked 
|   7|0x00000000c9500000, 0x00000000c9600000, 0x00000000c9600000|100%| O|  |TAMS 0x00000000c9600000, 0x00000000c9500000| Untracked 
|   8|0x00000000c9600000, 0x00000000c9700000, 0x00000000c9700000|100%| O|  |TAMS 0x00000000c9700000, 0x00000000c9600000| Untracked 
|   9|0x00000000c9700000, 0x00000000c9800000, 0x00000000c9800000|100%| O|  |TAMS 0x00000000c9800000, 0x00000000c9700000| Untracked 
|  10|0x00000000c9800000, 0x00000000c9900000, 0x00000000c9900000|100%| O|  |TAMS 0x00000000c9900000, 0x00000000c9800000| Updating 
|  11|0x00000000c9900000, 0x00000000c9a00000, 0x00000000c9a00000|100%| O|  |TAMS 0x00000000c9a00000, 0x00000000c9900000| Updating 
|  12|0x00000000c9a00000, 0x00000000c9b00000, 0x00000000c9b00000|100%| O|  |TAMS 0x00000000c9b00000, 0x00000000c9a00000| Updating 
|  13|0x00000000c9b00000, 0x00000000c9c00000, 0x00000000c9c00000|100%| O|  |TAMS 0x00000000c9c00000, 0x00000000c9b00000| Updating 
|  14|0x00000000c9c00000, 0x00000000c9d00000, 0x00000000c9d00000|100%| O|  |TAMS 0x00000000c9d00000, 0x00000000c9c00000| Updating 
|  15|0x00000000c9d00000, 0x00000000c9e00000, 0x00000000c9e00000|100%| O|  |TAMS 0x00000000c9e00000, 0x00000000c9d00000| Updating 
|  16|0x00000000c9e00000, 0x00000000c9f00000, 0x00000000c9f00000|100%|HS|  |TAMS 0x00000000c9e00000, 0x00000000c9e00000| Complete 
|  17|0x00000000c9f00000, 0x00000000ca000000, 0x00000000ca000000|100%| O|  |TAMS 0x00000000ca000000, 0x00000000c9f00000| Updating 
|  18|0x00000000ca000000, 0x00000000ca100000, 0x00000000ca100000|100%| O|  |TAMS 0x00000000ca100000, 0x00000000ca000000| Updating 
|  19|0x00000000ca100000, 0x00000000ca200000, 0x00000000ca200000|100%| O|  |TAMS 0x00000000ca200000, 0x00000000ca100000| Untracked 
|  20|0x00000000ca200000, 0x00000000ca200000, 0x00000000ca300000|  0%| F|  |TAMS 0x00000000ca200000, 0x00000000ca200000| Untracked 
|  21|0x00000000ca300000, 0x00000000ca400000, 0x00000000ca400000|100%| O|  |TAMS 0x00000000ca400000, 0x00000000ca300000| Untracked 
|  22|0x00000000ca400000, 0x00000000ca500000, 0x00000000ca500000|100%| O|  |TAMS 0x00000000ca500000, 0x00000000ca400000| Updating 
|  23|0x00000000ca500000, 0x00000000ca600000, 0x00000000ca600000|100%| O|  |TAMS 0x00000000ca600000, 0x00000000ca500000| Untracked 
|  24|0x00000000ca600000, 0x00000000ca700000, 0x00000000ca700000|100%| O|  |TAMS 0x00000000ca700000, 0x00000000ca600000| Updating 
|  25|0x00000000ca700000, 0x00000000ca800000, 0x00000000ca800000|100%| O|  |TAMS 0x00000000ca800000, 0x00000000ca700000| Untracked 
|  26|0x00000000ca800000, 0x00000000ca900000, 0x00000000ca900000|100%| O|  |TAMS 0x00000000ca900000, 0x00000000ca800000| Updating 
|  27|0x00000000ca900000, 0x00000000ca900000, 0x00000000caa00000|  0%| F|  |TAMS 0x00000000ca900000, 0x00000000ca900000| Untracked 
|  28|0x00000000caa00000, 0x00000000cab00000, 0x00000000cab00000|100%| O|  |TAMS 0x00000000cab00000, 0x00000000caa00000| Untracked 
|  29|0x00000000cab00000, 0x00000000cac00000, 0x00000000cac00000|100%| O|  |TAMS 0x00000000cac00000, 0x00000000cab00000| Updating 
|  30|0x00000000cac00000, 0x00000000cad00000, 0x00000000cad00000|100%| O|  |TAMS 0x00000000cad00000, 0x00000000cac00000| Untracked 
|  31|0x00000000cad00000, 0x00000000cae00000, 0x00000000cae00000|100%| O|  |TAMS 0x00000000cae00000, 0x00000000cad00000| Updating 
|  32|0x00000000cae00000, 0x00000000caf00000, 0x00000000caf00000|100%| O|  |TAMS 0x00000000caf00000, 0x00000000cae00000| Untracked 
|  33|0x00000000caf00000, 0x00000000cb000000, 0x00000000cb000000|100%| O|  |TAMS 0x00000000cb000000, 0x00000000caf00000| Updating 
|  34|0x00000000cb000000, 0x00000000cb100000, 0x00000000cb100000|100%| O|  |TAMS 0x00000000cb100000, 0x00000000cb000000| Updating 
|  35|0x00000000cb100000, 0x00000000cb200000, 0x00000000cb200000|100%| O|  |TAMS 0x00000000cb200000, 0x00000000cb100000| Updating 
|  36|0x00000000cb200000, 0x00000000cb300000, 0x00000000cb300000|100%| O|  |TAMS 0x00000000cb300000, 0x00000000cb200000| Untracked 
|  37|0x00000000cb300000, 0x00000000cb400000, 0x00000000cb400000|100%| O|  |TAMS 0x00000000cb400000, 0x00000000cb300000| Updating 
|  38|0x00000000cb400000, 0x00000000cb500000, 0x00000000cb500000|100%| O|  |TAMS 0x00000000cb500000, 0x00000000cb400000| Untracked 
|  39|0x00000000cb500000, 0x00000000cb600000, 0x00000000cb600000|100%| O|  |TAMS 0x00000000cb600000, 0x00000000cb500000| Untracked 
|  40|0x00000000cb600000, 0x00000000cb700000, 0x00000000cb700000|100%| O|  |TAMS 0x00000000cb700000, 0x00000000cb600000| Untracked 
|  41|0x00000000cb700000, 0x00000000cb800000, 0x00000000cb800000|100%| O|  |TAMS 0x00000000cb800000, 0x00000000cb700000| Updating 
|  42|0x00000000cb800000, 0x00000000cb900000, 0x00000000cb900000|100%| O|  |TAMS 0x00000000cb900000, 0x00000000cb800000| Updating 
|  43|0x00000000cb900000, 0x00000000cba00000, 0x00000000cba00000|100%| O|  |TAMS 0x00000000cba00000, 0x00000000cb900000| Untracked 
|  44|0x00000000cba00000, 0x00000000cba00000, 0x00000000cbb00000|  0%| F|  |TAMS 0x00000000cba00000, 0x00000000cba00000| Untracked 
|  45|0x00000000cbb00000, 0x00000000cbb00000, 0x00000000cbc00000|  0%| F|  |TAMS 0x00000000cbb00000, 0x00000000cbb00000| Untracked 
|  46|0x00000000cbc00000, 0x00000000cbc00000, 0x00000000cbd00000|  0%| F|  |TAMS 0x00000000cbc00000, 0x00000000cbc00000| Untracked 
|  47|0x00000000cbd00000, 0x00000000cbd00000, 0x00000000cbe00000|  0%| F|  |TAMS 0x00000000cbd00000, 0x00000000cbd00000| Untracked 
|  48|0x00000000cbe00000, 0x00000000cbe00000, 0x00000000cbf00000|  0%| F|  |TAMS 0x00000000cbe00000, 0x00000000cbe00000| Untracked 
|  49|0x00000000cbf00000, 0x00000000cbf00000, 0x00000000cc000000|  0%| F|  |TAMS 0x00000000cbf00000, 0x00000000cbf00000| Untracked 
|  50|0x00000000cc000000, 0x00000000cc100000, 0x00000000cc100000|100%| O|  |TAMS 0x00000000cc100000, 0x00000000cc000000| Untracked 
|  51|0x00000000cc100000, 0x00000000cc200000, 0x00000000cc200000|100%| O|  |TAMS 0x00000000cc200000, 0x00000000cc100000| Untracked 
|  52|0x00000000cc200000, 0x00000000cc300000, 0x00000000cc300000|100%| O|  |TAMS 0x00000000cc300000, 0x00000000cc200000| Untracked 
|  53|0x00000000cc300000, 0x00000000cc300000, 0x00000000cc400000|  0%| F|  |TAMS 0x00000000cc300000, 0x00000000cc300000| Untracked 
|  54|0x00000000cc400000, 0x00000000cc400000, 0x00000000cc500000|  0%| F|  |TAMS 0x00000000cc400000, 0x00000000cc400000| Untracked 
|  55|0x00000000cc500000, 0x00000000cc500000, 0x00000000cc600000|  0%| F|  |TAMS 0x00000000cc500000, 0x00000000cc500000| Untracked 
|  56|0x00000000cc600000, 0x00000000cc700000, 0x00000000cc700000|100%| O|  |TAMS 0x00000000cc700000, 0x00000000cc600000| Updating 
|  57|0x00000000cc700000, 0x00000000cc800000, 0x00000000cc800000|100%| O|  |TAMS 0x00000000cc800000, 0x00000000cc700000| Updating 
|  58|0x00000000cc800000, 0x00000000cc800000, 0x00000000cc900000|  0%| F|  |TAMS 0x00000000cc800000, 0x00000000cc800000| Untracked 
|  59|0x00000000cc900000, 0x00000000cca00000, 0x00000000cca00000|100%| O|  |TAMS 0x00000000cca00000, 0x00000000cc900000| Updating 
|  60|0x00000000cca00000, 0x00000000ccb00000, 0x00000000ccb00000|100%|HS|  |TAMS 0x00000000ccb00000, 0x00000000cca00000| Complete 
|  61|0x00000000ccb00000, 0x00000000ccc00000, 0x00000000ccc00000|100%|HC|  |TAMS 0x00000000ccc00000, 0x00000000ccb00000| Complete 
|  62|0x00000000ccc00000, 0x00000000ccd00000, 0x00000000ccd00000|100%|HC|  |TAMS 0x00000000ccd00000, 0x00000000ccc00000| Complete 
|  63|0x00000000ccd00000, 0x00000000cce00000, 0x00000000cce00000|100%|HC|  |TAMS 0x00000000cce00000, 0x00000000ccd00000| Complete 
|  64|0x00000000cce00000, 0x00000000ccf00000, 0x00000000ccf00000|100%|HS|  |TAMS 0x00000000ccf00000, 0x00000000cce00000| Complete 
|  65|0x00000000ccf00000, 0x00000000cd000000, 0x00000000cd000000|100%|HC|  |TAMS 0x00000000cd000000, 0x00000000ccf00000| Complete 
|  66|0x00000000cd000000, 0x00000000cd100000, 0x00000000cd100000|100%|HC|  |TAMS 0x00000000cd100000, 0x00000000cd000000| Complete 
|  67|0x00000000cd100000, 0x00000000cd200000, 0x00000000cd200000|100%|HC|  |TAMS 0x00000000cd200000, 0x00000000cd100000| Complete 
|  68|0x00000000cd200000, 0x00000000cd300000, 0x00000000cd300000|100%| O|  |TAMS 0x00000000cd300000, 0x00000000cd200000| Untracked 
|  69|0x00000000cd300000, 0x00000000cd400000, 0x00000000cd400000|100%|HS|  |TAMS 0x00000000cd400000, 0x00000000cd300000| Complete 
|  70|0x00000000cd400000, 0x00000000cd500000, 0x00000000cd500000|100%|HC|  |TAMS 0x00000000cd500000, 0x00000000cd400000| Complete 
|  71|0x00000000cd500000, 0x00000000cd600000, 0x00000000cd600000|100%|HC|  |TAMS 0x00000000cd600000, 0x00000000cd500000| Complete 
|  72|0x00000000cd600000, 0x00000000cd700000, 0x00000000cd700000|100%|HC|  |TAMS 0x00000000cd700000, 0x00000000cd600000| Complete 
|  73|0x00000000cd700000, 0x00000000cd800000, 0x00000000cd800000|100%|HS|  |TAMS 0x00000000cd800000, 0x00000000cd700000| Complete 
|  74|0x00000000cd800000, 0x00000000cd900000, 0x00000000cd900000|100%|HC|  |TAMS 0x00000000cd900000, 0x00000000cd800000| Complete 
|  75|0x00000000cd900000, 0x00000000cda00000, 0x00000000cda00000|100%|HC|  |TAMS 0x00000000cda00000, 0x00000000cd900000| Complete 
|  76|0x00000000cda00000, 0x00000000cdb00000, 0x00000000cdb00000|100%|HC|  |TAMS 0x00000000cdb00000, 0x00000000cda00000| Complete 
|  77|0x00000000cdb00000, 0x00000000cdc00000, 0x00000000cdc00000|100%|HC|  |TAMS 0x00000000cdc00000, 0x00000000cdb00000| Complete 
|  78|0x00000000cdc00000, 0x00000000cdd00000, 0x00000000cdd00000|100%|HS|  |TAMS 0x00000000cdc00000, 0x00000000cdc00000| Complete 
|  79|0x00000000cdd00000, 0x00000000cdd00000, 0x00000000cde00000|  0%| F|  |TAMS 0x00000000cdd00000, 0x00000000cdd00000| Untracked 
|  80|0x00000000cde00000, 0x00000000cdf00000, 0x00000000cdf00000|100%| O|  |TAMS 0x00000000cdf00000, 0x00000000cde00000| Untracked 
|  81|0x00000000cdf00000, 0x00000000ce000000, 0x00000000ce000000|100%|HS|  |TAMS 0x00000000ce000000, 0x00000000cdf00000| Complete 
|  82|0x00000000ce000000, 0x00000000ce100000, 0x00000000ce100000|100%|HC|  |TAMS 0x00000000ce100000, 0x00000000ce000000| Complete 
|  83|0x00000000ce100000, 0x00000000ce200000, 0x00000000ce200000|100%|HC|  |TAMS 0x00000000ce200000, 0x00000000ce100000| Complete 
|  84|0x00000000ce200000, 0x00000000ce300000, 0x00000000ce300000|100%|HC|  |TAMS 0x00000000ce300000, 0x00000000ce200000| Complete 
|  85|0x00000000ce300000, 0x00000000ce400000, 0x00000000ce400000|100%|HS|  |TAMS 0x00000000ce300000, 0x00000000ce300000| Complete 
|  86|0x00000000ce400000, 0x00000000ce500000, 0x00000000ce500000|100%|HC|  |TAMS 0x00000000ce400000, 0x00000000ce400000| Complete 
|  87|0x00000000ce500000, 0x00000000ce600000, 0x00000000ce600000|100%|HC|  |TAMS 0x00000000ce500000, 0x00000000ce500000| Complete 
|  88|0x00000000ce600000, 0x00000000ce700000, 0x00000000ce700000|100%|HS|  |TAMS 0x00000000ce600000, 0x00000000ce600000| Complete 
|  89|0x00000000ce700000, 0x00000000ce800000, 0x00000000ce800000|100%|HC|  |TAMS 0x00000000ce700000, 0x00000000ce700000| Complete 
|  90|0x00000000ce800000, 0x00000000ce900000, 0x00000000ce900000|100%|HS|  |TAMS 0x00000000ce900000, 0x00000000ce800000| Complete 
|  91|0x00000000ce900000, 0x00000000cea00000, 0x00000000cea00000|100%|HC|  |TAMS 0x00000000cea00000, 0x00000000ce900000| Complete 
|  92|0x00000000cea00000, 0x00000000ceb00000, 0x00000000ceb00000|100%|HC|  |TAMS 0x00000000ceb00000, 0x00000000cea00000| Complete 
|  93|0x00000000ceb00000, 0x00000000cec00000, 0x00000000cec00000|100%|HC|  |TAMS 0x00000000cec00000, 0x00000000ceb00000| Complete 
|  94|0x00000000cec00000, 0x00000000ced00000, 0x00000000ced00000|100%|HS|  |TAMS 0x00000000ced00000, 0x00000000cec00000| Complete 
|  95|0x00000000ced00000, 0x00000000cee00000, 0x00000000cee00000|100%|HC|  |TAMS 0x00000000cee00000, 0x00000000ced00000| Complete 
|  96|0x00000000cee00000, 0x00000000cef00000, 0x00000000cef00000|100%|HC|  |TAMS 0x00000000cef00000, 0x00000000cee00000| Complete 
|  97|0x00000000cef00000, 0x00000000cf000000, 0x00000000cf000000|100%|HS|  |TAMS 0x00000000cef00000, 0x00000000cef00000| Complete 
|  98|0x00000000cf000000, 0x00000000cf100000, 0x00000000cf100000|100%|HS|  |TAMS 0x00000000cf100000, 0x00000000cf000000| Complete 
|  99|0x00000000cf100000, 0x00000000cf200000, 0x00000000cf200000|100%|HC|  |TAMS 0x00000000cf200000, 0x00000000cf100000| Complete 
| 100|0x00000000cf200000, 0x00000000cf300000, 0x00000000cf300000|100%|HC|  |TAMS 0x00000000cf300000, 0x00000000cf200000| Complete 
| 101|0x00000000cf300000, 0x00000000cf400000, 0x00000000cf400000|100%|HC|  |TAMS 0x00000000cf400000, 0x00000000cf300000| Complete 
| 102|0x00000000cf400000, 0x00000000cf500000, 0x00000000cf500000|100%|HS|  |TAMS 0x00000000cf500000, 0x00000000cf400000| Complete 
| 103|0x00000000cf500000, 0x00000000cf600000, 0x00000000cf600000|100%|HC|  |TAMS 0x00000000cf600000, 0x00000000cf500000| Complete 
| 104|0x00000000cf600000, 0x00000000cf700000, 0x00000000cf700000|100%|HC|  |TAMS 0x00000000cf700000, 0x00000000cf600000| Complete 
| 105|0x00000000cf700000, 0x00000000cf800000, 0x00000000cf800000|100%|HC|  |TAMS 0x00000000cf800000, 0x00000000cf700000| Complete 
| 106|0x00000000cf800000, 0x00000000cf900000, 0x00000000cf900000|100%|HS|  |TAMS 0x00000000cf800000, 0x00000000cf800000| Complete 
| 107|0x00000000cf900000, 0x00000000cfa00000, 0x00000000cfa00000|100%|HC|  |TAMS 0x00000000cf900000, 0x00000000cf900000| Complete 
| 108|0x00000000cfa00000, 0x00000000cfb00000, 0x00000000cfb00000|100%|HS|  |TAMS 0x00000000cfa00000, 0x00000000cfa00000| Complete 
| 109|0x00000000cfb00000, 0x00000000cfc00000, 0x00000000cfc00000|100%|HC|  |TAMS 0x00000000cfb00000, 0x00000000cfb00000| Complete 
| 110|0x00000000cfc00000, 0x00000000cfd00000, 0x00000000cfd00000|100%|HS|  |TAMS 0x00000000cfd00000, 0x00000000cfc00000| Complete 
| 111|0x00000000cfd00000, 0x00000000cfe00000, 0x00000000cfe00000|100%|HC|  |TAMS 0x00000000cfe00000, 0x00000000cfd00000| Complete 
| 112|0x00000000cfe00000, 0x00000000cff00000, 0x00000000cff00000|100%|HC|  |TAMS 0x00000000cff00000, 0x00000000cfe00000| Complete 
| 113|0x00000000cff00000, 0x00000000d0000000, 0x00000000d0000000|100%|HC|  |TAMS 0x00000000d0000000, 0x00000000cff00000| Complete 
| 114|0x00000000d0000000, 0x00000000d0100000, 0x00000000d0100000|100%|HS|  |TAMS 0x00000000d0000000, 0x00000000d0000000| Complete 
| 115|0x00000000d0100000, 0x00000000d0200000, 0x00000000d0200000|100%|HC|  |TAMS 0x00000000d0100000, 0x00000000d0100000| Complete 
| 116|0x00000000d0200000, 0x00000000d0300000, 0x00000000d0300000|100%|HC|  |TAMS 0x00000000d0200000, 0x00000000d0200000| Complete 
| 117|0x00000000d0300000, 0x00000000d0400000, 0x00000000d0400000|100%|HC|  |TAMS 0x00000000d0300000, 0x00000000d0300000| Complete 
| 118|0x00000000d0400000, 0x00000000d0500000, 0x00000000d0500000|100%|HS|  |TAMS 0x00000000d0400000, 0x00000000d0400000| Complete 
| 119|0x00000000d0500000, 0x00000000d0600000, 0x00000000d0600000|100%|HS|  |TAMS 0x00000000d0600000, 0x00000000d0500000| Complete 
| 120|0x00000000d0600000, 0x00000000d0700000, 0x00000000d0700000|100%|HC|  |TAMS 0x00000000d0700000, 0x00000000d0600000| Complete 
| 121|0x00000000d0700000, 0x00000000d0800000, 0x00000000d0800000|100%|HC|  |TAMS 0x00000000d0800000, 0x00000000d0700000| Complete 
| 122|0x00000000d0800000, 0x00000000d0900000, 0x00000000d0900000|100%|HC|  |TAMS 0x00000000d0900000, 0x00000000d0800000| Complete 
| 123|0x00000000d0900000, 0x00000000d0a00000, 0x00000000d0a00000|100%|HS|  |TAMS 0x00000000d0900000, 0x00000000d0900000| Complete 
| 124|0x00000000d0a00000, 0x00000000d0b00000, 0x00000000d0b00000|100%|HC|  |TAMS 0x00000000d0a00000, 0x00000000d0a00000| Complete 
| 125|0x00000000d0b00000, 0x00000000d0c00000, 0x00000000d0c00000|100%|HC|  |TAMS 0x00000000d0b00000, 0x00000000d0b00000| Complete 
| 126|0x00000000d0c00000, 0x00000000d0d00000, 0x00000000d0d00000|100%|HS|  |TAMS 0x00000000d0d00000, 0x00000000d0c00000| Complete 
| 127|0x00000000d0d00000, 0x00000000d0e00000, 0x00000000d0e00000|100%|HC|  |TAMS 0x00000000d0e00000, 0x00000000d0d00000| Complete 
| 128|0x00000000d0e00000, 0x00000000d0f00000, 0x00000000d0f00000|100%|HC|  |TAMS 0x00000000d0f00000, 0x00000000d0e00000| Complete 
| 129|0x00000000d0f00000, 0x00000000d1000000, 0x00000000d1000000|100%|HC|  |TAMS 0x00000000d1000000, 0x00000000d0f00000| Complete 
| 130|0x00000000d1000000, 0x00000000d1100000, 0x00000000d1100000|100%|HS|  |TAMS 0x00000000d1100000, 0x00000000d1000000| Complete 
| 131|0x00000000d1100000, 0x00000000d1200000, 0x00000000d1200000|100%|HC|  |TAMS 0x00000000d1200000, 0x00000000d1100000| Complete 
| 132|0x00000000d1200000, 0x00000000d1300000, 0x00000000d1300000|100%|HC|  |TAMS 0x00000000d1300000, 0x00000000d1200000| Complete 
| 133|0x00000000d1300000, 0x00000000d1400000, 0x00000000d1400000|100%|HS|  |TAMS 0x00000000d1400000, 0x00000000d1300000| Complete 
| 134|0x00000000d1400000, 0x00000000d1500000, 0x00000000d1500000|100%|HC|  |TAMS 0x00000000d1500000, 0x00000000d1400000| Complete 
| 135|0x00000000d1500000, 0x00000000d1600000, 0x00000000d1600000|100%|HC|  |TAMS 0x00000000d1600000, 0x00000000d1500000| Complete 
| 136|0x00000000d1600000, 0x00000000d1700000, 0x00000000d1700000|100%|HC|  |TAMS 0x00000000d1700000, 0x00000000d1600000| Complete 
| 137|0x00000000d1700000, 0x00000000d1800000, 0x00000000d1800000|100%|HS|  |TAMS 0x00000000d1800000, 0x00000000d1700000| Complete 
| 138|0x00000000d1800000, 0x00000000d1900000, 0x00000000d1900000|100%|HC|  |TAMS 0x00000000d1900000, 0x00000000d1800000| Complete 
| 139|0x00000000d1900000, 0x00000000d1a00000, 0x00000000d1a00000|100%|HC|  |TAMS 0x00000000d1a00000, 0x00000000d1900000| Complete 
| 140|0x00000000d1a00000, 0x00000000d1b00000, 0x00000000d1b00000|100%|HC|  |TAMS 0x00000000d1b00000, 0x00000000d1a00000| Complete 
| 141|0x00000000d1b00000, 0x00000000d1c00000, 0x00000000d1c00000|100%|HS|  |TAMS 0x00000000d1b00000, 0x00000000d1b00000| Complete 
| 142|0x00000000d1c00000, 0x00000000d1d00000, 0x00000000d1d00000|100%|HC|  |TAMS 0x00000000d1c00000, 0x00000000d1c00000| Complete 
| 143|0x00000000d1d00000, 0x00000000d1e00000, 0x00000000d1e00000|100%|HC|  |TAMS 0x00000000d1d00000, 0x00000000d1d00000| Complete 
| 144|0x00000000d1e00000, 0x00000000d1f00000, 0x00000000d1f00000|100%|HS|  |TAMS 0x00000000d1e00000, 0x00000000d1e00000| Complete 
| 145|0x00000000d1f00000, 0x00000000d1f00000, 0x00000000d2000000|  0%| F|  |TAMS 0x00000000d1f00000, 0x00000000d1f00000| Untracked 
| 146|0x00000000d2000000, 0x00000000d2100000, 0x00000000d2100000|100%| O|  |TAMS 0x00000000d2100000, 0x00000000d2000000| Updating 
| 147|0x00000000d2100000, 0x00000000d2200000, 0x00000000d2200000|100%|HS|  |TAMS 0x00000000d2100000, 0x00000000d2100000| Complete 
| 148|0x00000000d2200000, 0x00000000d2300000, 0x00000000d2300000|100%|HC|  |TAMS 0x00000000d2200000, 0x00000000d2200000| Complete 
| 149|0x00000000d2300000, 0x00000000d2400000, 0x00000000d2400000|100%|HC|  |TAMS 0x00000000d2300000, 0x00000000d2300000| Complete 
| 150|0x00000000d2400000, 0x00000000d2500000, 0x00000000d2500000|100%|HC|  |TAMS 0x00000000d2400000, 0x00000000d2400000| Complete 
| 151|0x00000000d2500000, 0x00000000d2500000, 0x00000000d2600000|  0%| F|  |TAMS 0x00000000d2500000, 0x00000000d2500000| Untracked 
| 152|0x00000000d2600000, 0x00000000d2700000, 0x00000000d2700000|100%|HS|  |TAMS 0x00000000d2700000, 0x00000000d2600000| Complete 
| 153|0x00000000d2700000, 0x00000000d2800000, 0x00000000d2800000|100%|HC|  |TAMS 0x00000000d2800000, 0x00000000d2700000| Complete 
| 154|0x00000000d2800000, 0x00000000d2900000, 0x00000000d2900000|100%|HC|  |TAMS 0x00000000d2900000, 0x00000000d2800000| Complete 
| 155|0x00000000d2900000, 0x00000000d2a00000, 0x00000000d2a00000|100%|HC|  |TAMS 0x00000000d2a00000, 0x00000000d2900000| Complete 
| 156|0x00000000d2a00000, 0x00000000d2b00000, 0x00000000d2b00000|100%|HS|  |TAMS 0x00000000d2b00000, 0x00000000d2a00000| Complete 
| 157|0x00000000d2b00000, 0x00000000d2c00000, 0x00000000d2c00000|100%|HC|  |TAMS 0x00000000d2c00000, 0x00000000d2b00000| Complete 
| 158|0x00000000d2c00000, 0x00000000d2d00000, 0x00000000d2d00000|100%|HC|  |TAMS 0x00000000d2d00000, 0x00000000d2c00000| Complete 
| 159|0x00000000d2d00000, 0x00000000d2e00000, 0x00000000d2e00000|100%|HC|  |TAMS 0x00000000d2e00000, 0x00000000d2d00000| Complete 
| 160|0x00000000d2e00000, 0x00000000d2f00000, 0x00000000d2f00000|100%|HS|  |TAMS 0x00000000d2f00000, 0x00000000d2e00000| Complete 
| 161|0x00000000d2f00000, 0x00000000d3000000, 0x00000000d3000000|100%|HC|  |TAMS 0x00000000d3000000, 0x00000000d2f00000| Complete 
| 162|0x00000000d3000000, 0x00000000d3100000, 0x00000000d3100000|100%|HC|  |TAMS 0x00000000d3100000, 0x00000000d3000000| Complete 
| 163|0x00000000d3100000, 0x00000000d3200000, 0x00000000d3200000|100%| O|  |TAMS 0x00000000d3200000, 0x00000000d3100000| Updating 
| 164|0x00000000d3200000, 0x00000000d3300000, 0x00000000d3300000|100%|HS|  |TAMS 0x00000000d3300000, 0x00000000d3200000| Complete 
| 165|0x00000000d3300000, 0x00000000d3400000, 0x00000000d3400000|100%|HC|  |TAMS 0x00000000d3400000, 0x00000000d3300000| Complete 
| 166|0x00000000d3400000, 0x00000000d3500000, 0x00000000d3500000|100%|HC|  |TAMS 0x00000000d3500000, 0x00000000d3400000| Complete 
| 167|0x00000000d3500000, 0x00000000d3600000, 0x00000000d3600000|100%|HC|  |TAMS 0x00000000d3600000, 0x00000000d3500000| Complete 
| 168|0x00000000d3600000, 0x00000000d3700000, 0x00000000d3700000|100%|HS|  |TAMS 0x00000000d3600000, 0x00000000d3600000| Complete 
| 169|0x00000000d3700000, 0x00000000d3800000, 0x00000000d3800000|100%|HC|  |TAMS 0x00000000d3700000, 0x00000000d3700000| Complete 
| 170|0x00000000d3800000, 0x00000000d3900000, 0x00000000d3900000|100%|HC|  |TAMS 0x00000000d3800000, 0x00000000d3800000| Complete 
| 171|0x00000000d3900000, 0x00000000d3a00000, 0x00000000d3a00000|100%|HC|  |TAMS 0x00000000d3900000, 0x00000000d3900000| Complete 
| 172|0x00000000d3a00000, 0x00000000d3b00000, 0x00000000d3b00000|100%|HC|  |TAMS 0x00000000d3a00000, 0x00000000d3a00000| Complete 
| 173|0x00000000d3b00000, 0x00000000d3c00000, 0x00000000d3c00000|100%|HS|  |TAMS 0x00000000d3b00000, 0x00000000d3b00000| Complete 
| 174|0x00000000d3c00000, 0x00000000d3d00000, 0x00000000d3d00000|100%|HC|  |TAMS 0x00000000d3c00000, 0x00000000d3c00000| Complete 
| 175|0x00000000d3d00000, 0x00000000d3e00000, 0x00000000d3e00000|100%|HC|  |TAMS 0x00000000d3d00000, 0x00000000d3d00000| Complete 
| 176|0x00000000d3e00000, 0x00000000d3f00000, 0x00000000d3f00000|100%|HS|  |TAMS 0x00000000d3f00000, 0x00000000d3e00000| Complete 
| 177|0x00000000d3f00000, 0x00000000d4000000, 0x00000000d4000000|100%|HC|  |TAMS 0x00000000d4000000, 0x00000000d3f00000| Complete 
| 178|0x00000000d4000000, 0x00000000d4100000, 0x00000000d4100000|100%|HC|  |TAMS 0x00000000d4100000, 0x00000000d4000000| Complete 
| 179|0x00000000d4100000, 0x00000000d4200000, 0x00000000d4200000|100%|HC|  |TAMS 0x00000000d4200000, 0x00000000d4100000| Complete 
| 180|0x00000000d4200000, 0x00000000d42dee00, 0x00000000d4300000| 87%| O|  |TAMS 0x00000000d42dee00, 0x00000000d4200000| Updating 
| 181|0x00000000d4300000, 0x00000000d4400000, 0x00000000d4400000|100%| O|  |TAMS 0x00000000d4400000, 0x00000000d4300000| Updating 
| 182|0x00000000d4400000, 0x00000000d4500000, 0x00000000d4500000|100%|HS|  |TAMS 0x00000000d4500000, 0x00000000d4400000| Complete 
| 183|0x00000000d4500000, 0x00000000d4600000, 0x00000000d4600000|100%|HC|  |TAMS 0x00000000d4600000, 0x00000000d4500000| Complete 
| 184|0x00000000d4600000, 0x00000000d4700000, 0x00000000d4700000|100%|HC|  |TAMS 0x00000000d4700000, 0x00000000d4600000| Complete 
| 185|0x00000000d4700000, 0x00000000d4800000, 0x00000000d4800000|100%|HC|  |TAMS 0x00000000d4800000, 0x00000000d4700000| Complete 
| 186|0x00000000d4800000, 0x00000000d4900000, 0x00000000d4900000|100%|HS|  |TAMS 0x00000000d4900000, 0x00000000d4800000| Complete 
| 187|0x00000000d4900000, 0x00000000d4a00000, 0x00000000d4a00000|100%|HC|  |TAMS 0x00000000d4a00000, 0x00000000d4900000| Complete 
| 188|0x00000000d4a00000, 0x00000000d4b00000, 0x00000000d4b00000|100%|HC|  |TAMS 0x00000000d4b00000, 0x00000000d4a00000| Complete 
| 189|0x00000000d4b00000, 0x00000000d4c00000, 0x00000000d4c00000|100%|HC|  |TAMS 0x00000000d4c00000, 0x00000000d4b00000| Complete 
| 190|0x00000000d4c00000, 0x00000000d4d00000, 0x00000000d4d00000|100%|HS|  |TAMS 0x00000000d4c00000, 0x00000000d4c00000| Complete 
| 191|0x00000000d4d00000, 0x00000000d4e00000, 0x00000000d4e00000|100%|HC|  |TAMS 0x00000000d4d00000, 0x00000000d4d00000| Complete 
| 192|0x00000000d4e00000, 0x00000000d4f00000, 0x00000000d4f00000|100%|HC|  |TAMS 0x00000000d4e00000, 0x00000000d4e00000| Complete 
| 193|0x00000000d4f00000, 0x00000000d5000000, 0x00000000d5000000|100%|HC|  |TAMS 0x00000000d4f00000, 0x00000000d4f00000| Complete 
| 194|0x00000000d5000000, 0x00000000d5100000, 0x00000000d5100000|100%|HS|  |TAMS 0x00000000d5000000, 0x00000000d5000000| Complete 
| 195|0x00000000d5100000, 0x00000000d5200000, 0x00000000d5200000|100%|HC|  |TAMS 0x00000000d5100000, 0x00000000d5100000| Complete 
| 196|0x00000000d5200000, 0x00000000d5300000, 0x00000000d5300000|100%|HS|  |TAMS 0x00000000d5200000, 0x00000000d5200000| Complete 
| 197|0x00000000d5300000, 0x00000000d5400000, 0x00000000d5400000|100%|HC|  |TAMS 0x00000000d5300000, 0x00000000d5300000| Complete 
| 198|0x00000000d5400000, 0x00000000d5500000, 0x00000000d5500000|100%|HS|  |TAMS 0x00000000d5500000, 0x00000000d5400000| Complete 
| 199|0x00000000d5500000, 0x00000000d5600000, 0x00000000d5600000|100%|HC|  |TAMS 0x00000000d5600000, 0x00000000d5500000| Complete 
| 200|0x00000000d5600000, 0x00000000d5700000, 0x00000000d5700000|100%|HC|  |TAMS 0x00000000d5700000, 0x00000000d5600000| Complete 
| 201|0x00000000d5700000, 0x00000000d5800000, 0x00000000d5800000|100%|HS|  |TAMS 0x00000000d5700000, 0x00000000d5700000| Complete 
| 202|0x00000000d5800000, 0x00000000d5900000, 0x00000000d5900000|100%|HC|  |TAMS 0x00000000d5800000, 0x00000000d5800000| Complete 
| 203|0x00000000d5900000, 0x00000000d5a00000, 0x00000000d5a00000|100%|HC|  |TAMS 0x00000000d5900000, 0x00000000d5900000| Complete 
| 204|0x00000000d5a00000, 0x00000000d5a00000, 0x00000000d5b00000|  0%| F|  |TAMS 0x00000000d5a00000, 0x00000000d5a00000| Untracked 
| 205|0x00000000d5b00000, 0x00000000d5b00000, 0x00000000d5c00000|  0%| F|  |TAMS 0x00000000d5b00000, 0x00000000d5b00000| Untracked 
| 206|0x00000000d5c00000, 0x00000000d5d00000, 0x00000000d5d00000|100%|HS|  |TAMS 0x00000000d5d00000, 0x00000000d5c00000| Complete 
| 207|0x00000000d5d00000, 0x00000000d5e00000, 0x00000000d5e00000|100%|HC|  |TAMS 0x00000000d5e00000, 0x00000000d5d00000| Complete 
| 208|0x00000000d5e00000, 0x00000000d5f00000, 0x00000000d5f00000|100%|HC|  |TAMS 0x00000000d5f00000, 0x00000000d5e00000| Complete 
| 209|0x00000000d5f00000, 0x00000000d6000000, 0x00000000d6000000|100%|HC|  |TAMS 0x00000000d6000000, 0x00000000d5f00000| Complete 
| 210|0x00000000d6000000, 0x00000000d6100000, 0x00000000d6100000|100%|HS|  |TAMS 0x00000000d6000000, 0x00000000d6000000| Complete 
| 211|0x00000000d6100000, 0x00000000d6200000, 0x00000000d6200000|100%|HC|  |TAMS 0x00000000d6100000, 0x00000000d6100000| Complete 
| 212|0x00000000d6200000, 0x00000000d6300000, 0x00000000d6300000|100%|HC|  |TAMS 0x00000000d6200000, 0x00000000d6200000| Complete 
| 213|0x00000000d6300000, 0x00000000d6400000, 0x00000000d6400000|100%|HC|  |TAMS 0x00000000d6300000, 0x00000000d6300000| Complete 
| 214|0x00000000d6400000, 0x00000000d6500000, 0x00000000d6500000|100%|HC|  |TAMS 0x00000000d6400000, 0x00000000d6400000| Complete 
| 215|0x00000000d6500000, 0x00000000d6600000, 0x00000000d6600000|100%|HS|  |TAMS 0x00000000d6500000, 0x00000000d6500000| Complete 
| 216|0x00000000d6600000, 0x00000000d6700000, 0x00000000d6700000|100%|HC|  |TAMS 0x00000000d6600000, 0x00000000d6600000| Complete 
| 217|0x00000000d6700000, 0x00000000d6800000, 0x00000000d6800000|100%|HC|  |TAMS 0x00000000d6700000, 0x00000000d6700000| Complete 
| 218|0x00000000d6800000, 0x00000000d6900000, 0x00000000d6900000|100%|HS|  |TAMS 0x00000000d6800000, 0x00000000d6800000| Complete 
| 219|0x00000000d6900000, 0x00000000d6a00000, 0x00000000d6a00000|100%|HC|  |TAMS 0x00000000d6900000, 0x00000000d6900000| Complete 
| 220|0x00000000d6a00000, 0x00000000d6b00000, 0x00000000d6b00000|100%|HC|  |TAMS 0x00000000d6a00000, 0x00000000d6a00000| Complete 
| 221|0x00000000d6b00000, 0x00000000d6c00000, 0x00000000d6c00000|100%|HC|  |TAMS 0x00000000d6b00000, 0x00000000d6b00000| Complete 
| 222|0x00000000d6c00000, 0x00000000d6d00000, 0x00000000d6d00000|100%|HC|  |TAMS 0x00000000d6c00000, 0x00000000d6c00000| Complete 
| 223|0x00000000d6d00000, 0x00000000d6e00000, 0x00000000d6e00000|100%|HS|  |TAMS 0x00000000d6d00000, 0x00000000d6d00000| Complete 
| 224|0x00000000d6e00000, 0x00000000d6f00000, 0x00000000d6f00000|100%|HC|  |TAMS 0x00000000d6e00000, 0x00000000d6e00000| Complete 
| 225|0x00000000d6f00000, 0x00000000d7000000, 0x00000000d7000000|100%|HC|  |TAMS 0x00000000d6f00000, 0x00000000d6f00000| Complete 
| 226|0x00000000d7000000, 0x00000000d7100000, 0x00000000d7100000|100%|HC|  |TAMS 0x00000000d7000000, 0x00000000d7000000| Complete 
| 227|0x00000000d7100000, 0x00000000d7200000, 0x00000000d7200000|100%|HS|  |TAMS 0x00000000d7200000, 0x00000000d7100000| Complete 
| 228|0x00000000d7200000, 0x00000000d7300000, 0x00000000d7300000|100%|HC|  |TAMS 0x00000000d7300000, 0x00000000d7200000| Complete 
| 229|0x00000000d7300000, 0x00000000d7400000, 0x00000000d7400000|100%|HC|  |TAMS 0x00000000d7400000, 0x00000000d7300000| Complete 
| 230|0x00000000d7400000, 0x00000000d7500000, 0x00000000d7500000|100%|HS|  |TAMS 0x00000000d7500000, 0x00000000d7400000| Complete 
| 231|0x00000000d7500000, 0x00000000d7600000, 0x00000000d7600000|100%|HC|  |TAMS 0x00000000d7600000, 0x00000000d7500000| Complete 
| 232|0x00000000d7600000, 0x00000000d7700000, 0x00000000d7700000|100%|HC|  |TAMS 0x00000000d7700000, 0x00000000d7600000| Complete 
| 233|0x00000000d7700000, 0x00000000d7700000, 0x00000000d7800000|  0%| F|  |TAMS 0x00000000d7700000, 0x00000000d7700000| Untracked 
| 234|0x00000000d7800000, 0x00000000d7800000, 0x00000000d7900000|  0%| F|  |TAMS 0x00000000d7800000, 0x00000000d7800000| Untracked 
| 235|0x00000000d7900000, 0x00000000d7a00000, 0x00000000d7a00000|100%|HS|  |TAMS 0x00000000d7a00000, 0x00000000d7900000| Complete 
| 236|0x00000000d7a00000, 0x00000000d7b00000, 0x00000000d7b00000|100%|HC|  |TAMS 0x00000000d7b00000, 0x00000000d7a00000| Complete 
| 237|0x00000000d7b00000, 0x00000000d7c00000, 0x00000000d7c00000|100%|HC|  |TAMS 0x00000000d7c00000, 0x00000000d7b00000| Complete 
| 238|0x00000000d7c00000, 0x00000000d7d00000, 0x00000000d7d00000|100%|HS|  |TAMS 0x00000000d7c00000, 0x00000000d7c00000| Complete 
| 239|0x00000000d7d00000, 0x00000000d7e00000, 0x00000000d7e00000|100%|HC|  |TAMS 0x00000000d7d00000, 0x00000000d7d00000| Complete 
| 240|0x00000000d7e00000, 0x00000000d7f00000, 0x00000000d7f00000|100%|HC|  |TAMS 0x00000000d7e00000, 0x00000000d7e00000| Complete 
| 241|0x00000000d7f00000, 0x00000000d8000000, 0x00000000d8000000|100%|HS|  |TAMS 0x00000000d8000000, 0x00000000d7f00000| Complete 
| 242|0x00000000d8000000, 0x00000000d8100000, 0x00000000d8100000|100%|HC|  |TAMS 0x00000000d8100000, 0x00000000d8000000| Complete 
| 243|0x00000000d8100000, 0x00000000d8200000, 0x00000000d8200000|100%|HC|  |TAMS 0x00000000d8200000, 0x00000000d8100000| Complete 
| 244|0x00000000d8200000, 0x00000000d8300000, 0x00000000d8300000|100%|HS|  |TAMS 0x00000000d8300000, 0x00000000d8200000| Complete 
| 245|0x00000000d8300000, 0x00000000d8400000, 0x00000000d8400000|100%|HC|  |TAMS 0x00000000d8400000, 0x00000000d8300000| Complete 
| 246|0x00000000d8400000, 0x00000000d8500000, 0x00000000d8500000|100%|HC|  |TAMS 0x00000000d8500000, 0x00000000d8400000| Complete 
| 247|0x00000000d8500000, 0x00000000d8600000, 0x00000000d8600000|100%|HC|  |TAMS 0x00000000d8600000, 0x00000000d8500000| Complete 
| 248|0x00000000d8600000, 0x00000000d8700000, 0x00000000d8700000|100%|HS|  |TAMS 0x00000000d8700000, 0x00000000d8600000| Complete 
| 249|0x00000000d8700000, 0x00000000d8800000, 0x00000000d8800000|100%|HC|  |TAMS 0x00000000d8800000, 0x00000000d8700000| Complete 
| 250|0x00000000d8800000, 0x00000000d8900000, 0x00000000d8900000|100%|HC|  |TAMS 0x00000000d8900000, 0x00000000d8800000| Complete 
| 251|0x00000000d8900000, 0x00000000d8a00000, 0x00000000d8a00000|100%|HS|  |TAMS 0x00000000d8900000, 0x00000000d8900000| Complete 
| 252|0x00000000d8a00000, 0x00000000d8b00000, 0x00000000d8b00000|100%|HC|  |TAMS 0x00000000d8a00000, 0x00000000d8a00000| Complete 
| 253|0x00000000d8b00000, 0x00000000d8c00000, 0x00000000d8c00000|100%|HC|  |TAMS 0x00000000d8b00000, 0x00000000d8b00000| Complete 
| 254|0x00000000d8c00000, 0x00000000d8d00000, 0x00000000d8d00000|100%|HC|  |TAMS 0x00000000d8c00000, 0x00000000d8c00000| Complete 
| 255|0x00000000d8d00000, 0x00000000d8e00000, 0x00000000d8e00000|100%|HS|  |TAMS 0x00000000d8e00000, 0x00000000d8d00000| Complete 
| 256|0x00000000d8e00000, 0x00000000d8f00000, 0x00000000d8f00000|100%|HC|  |TAMS 0x00000000d8f00000, 0x00000000d8e00000| Complete 
| 257|0x00000000d8f00000, 0x00000000d9000000, 0x00000000d9000000|100%|HC|  |TAMS 0x00000000d9000000, 0x00000000d8f00000| Complete 
| 258|0x00000000d9000000, 0x00000000d9100000, 0x00000000d9100000|100%|HC|  |TAMS 0x00000000d9100000, 0x00000000d9000000| Complete 
| 259|0x00000000d9100000, 0x00000000d9200000, 0x00000000d9200000|100%|HS|  |TAMS 0x00000000d9200000, 0x00000000d9100000| Complete 
| 260|0x00000000d9200000, 0x00000000d9300000, 0x00000000d9300000|100%|HC|  |TAMS 0x00000000d9300000, 0x00000000d9200000| Complete 
| 261|0x00000000d9300000, 0x00000000d9400000, 0x00000000d9400000|100%|HC|  |TAMS 0x00000000d9400000, 0x00000000d9300000| Complete 
| 262|0x00000000d9400000, 0x00000000d9500000, 0x00000000d9500000|100%|HC|  |TAMS 0x00000000d9500000, 0x00000000d9400000| Complete 
| 263|0x00000000d9500000, 0x00000000d9600000, 0x00000000d9600000|100%|HS|  |TAMS 0x00000000d9600000, 0x00000000d9500000| Complete 
| 264|0x00000000d9600000, 0x00000000d9700000, 0x00000000d9700000|100%|HC|  |TAMS 0x00000000d9700000, 0x00000000d9600000| Complete 
| 265|0x00000000d9700000, 0x00000000d9800000, 0x00000000d9800000|100%|HC|  |TAMS 0x00000000d9800000, 0x00000000d9700000| Complete 
| 266|0x00000000d9800000, 0x00000000d9900000, 0x00000000d9900000|100%|HC|  |TAMS 0x00000000d9900000, 0x00000000d9800000| Complete 
| 267|0x00000000d9900000, 0x00000000d9a00000, 0x00000000d9a00000|100%|HS|  |TAMS 0x00000000d9a00000, 0x00000000d9900000| Complete 
| 268|0x00000000d9a00000, 0x00000000d9b00000, 0x00000000d9b00000|100%|HC|  |TAMS 0x00000000d9b00000, 0x00000000d9a00000| Complete 
| 269|0x00000000d9b00000, 0x00000000d9c00000, 0x00000000d9c00000|100%|HC|  |TAMS 0x00000000d9c00000, 0x00000000d9b00000| Complete 
| 270|0x00000000d9c00000, 0x00000000d9d00000, 0x00000000d9d00000|100%|HC|  |TAMS 0x00000000d9d00000, 0x00000000d9c00000| Complete 
| 271|0x00000000d9d00000, 0x00000000d9e00000, 0x00000000d9e00000|100%|HS|  |TAMS 0x00000000d9d00000, 0x00000000d9d00000| Complete 
| 272|0x00000000d9e00000, 0x00000000d9f00000, 0x00000000d9f00000|100%|HC|  |TAMS 0x00000000d9e00000, 0x00000000d9e00000| Complete 
| 273|0x00000000d9f00000, 0x00000000da000000, 0x00000000da000000|100%|HC|  |TAMS 0x00000000d9f00000, 0x00000000d9f00000| Complete 
| 274|0x00000000da000000, 0x00000000da100000, 0x00000000da100000|100%|HC|  |TAMS 0x00000000da000000, 0x00000000da000000| Complete 
| 275|0x00000000da100000, 0x00000000da200000, 0x00000000da200000|100%|HS|  |TAMS 0x00000000da100000, 0x00000000da100000| Complete 
| 276|0x00000000da200000, 0x00000000da300000, 0x00000000da300000|100%|HC|  |TAMS 0x00000000da200000, 0x00000000da200000| Complete 
| 277|0x00000000da300000, 0x00000000da400000, 0x00000000da400000|100%|HC|  |TAMS 0x00000000da300000, 0x00000000da300000| Complete 
| 278|0x00000000da400000, 0x00000000da500000, 0x00000000da500000|100%|HC|  |TAMS 0x00000000da400000, 0x00000000da400000| Complete 
| 279|0x00000000da500000, 0x00000000da600000, 0x00000000da600000|100%|HC|  |TAMS 0x00000000da500000, 0x00000000da500000| Complete 
| 280|0x00000000da600000, 0x00000000da600000, 0x00000000da700000|  0%| F|  |TAMS 0x00000000da600000, 0x00000000da600000| Untracked 
| 281|0x00000000da700000, 0x00000000da700000, 0x00000000da800000|  0%| F|  |TAMS 0x00000000da700000, 0x00000000da700000| Untracked 
| 282|0x00000000da800000, 0x00000000da900000, 0x00000000da900000|100%|HS|  |TAMS 0x00000000da900000, 0x00000000da800000| Complete 
| 283|0x00000000da900000, 0x00000000daa00000, 0x00000000daa00000|100%|HC|  |TAMS 0x00000000daa00000, 0x00000000da900000| Complete 
| 284|0x00000000daa00000, 0x00000000dab00000, 0x00000000dab00000|100%|HC|  |TAMS 0x00000000dab00000, 0x00000000daa00000| Complete 
| 285|0x00000000dab00000, 0x00000000dac00000, 0x00000000dac00000|100%|HS|  |TAMS 0x00000000dac00000, 0x00000000dab00000| Complete 
| 286|0x00000000dac00000, 0x00000000dad00000, 0x00000000dad00000|100%|HC|  |TAMS 0x00000000dad00000, 0x00000000dac00000| Complete 
| 287|0x00000000dad00000, 0x00000000dae00000, 0x00000000dae00000|100%|HC|  |TAMS 0x00000000dae00000, 0x00000000dad00000| Complete 
| 288|0x00000000dae00000, 0x00000000daf00000, 0x00000000daf00000|100%|HC|  |TAMS 0x00000000daf00000, 0x00000000dae00000| Complete 
| 289|0x00000000daf00000, 0x00000000db000000, 0x00000000db000000|100%|HS|  |TAMS 0x00000000daf00000, 0x00000000daf00000| Complete 
| 290|0x00000000db000000, 0x00000000db100000, 0x00000000db100000|100%|HC|  |TAMS 0x00000000db000000, 0x00000000db000000| Complete 
| 291|0x00000000db100000, 0x00000000db200000, 0x00000000db200000|100%|HC|  |TAMS 0x00000000db100000, 0x00000000db100000| Complete 
| 292|0x00000000db200000, 0x00000000db200000, 0x00000000db300000|  0%| F|  |TAMS 0x00000000db200000, 0x00000000db200000| Untracked 
| 293|0x00000000db300000, 0x00000000db400000, 0x00000000db400000|100%|HS|  |TAMS 0x00000000db400000, 0x00000000db300000| Complete 
| 294|0x00000000db400000, 0x00000000db500000, 0x00000000db500000|100%|HC|  |TAMS 0x00000000db500000, 0x00000000db400000| Complete 
| 295|0x00000000db500000, 0x00000000db600000, 0x00000000db600000|100%|HC|  |TAMS 0x00000000db600000, 0x00000000db500000| Complete 
| 296|0x00000000db600000, 0x00000000db700000, 0x00000000db700000|100%|HS|  |TAMS 0x00000000db600000, 0x00000000db600000| Complete 
| 297|0x00000000db700000, 0x00000000db800000, 0x00000000db800000|100%|HC|  |TAMS 0x00000000db700000, 0x00000000db700000| Complete 
| 298|0x00000000db800000, 0x00000000db900000, 0x00000000db900000|100%|HC|  |TAMS 0x00000000db800000, 0x00000000db800000| Complete 
| 299|0x00000000db900000, 0x00000000dba00000, 0x00000000dba00000|100%|HC|  |TAMS 0x00000000db900000, 0x00000000db900000| Complete 
| 300|0x00000000dba00000, 0x00000000dba00000, 0x00000000dbb00000|  0%| F|  |TAMS 0x00000000dba00000, 0x00000000dba00000| Untracked 
| 301|0x00000000dbb00000, 0x00000000dbc00000, 0x00000000dbc00000|100%|HS|  |TAMS 0x00000000dbc00000, 0x00000000dbb00000| Complete 
| 302|0x00000000dbc00000, 0x00000000dbd00000, 0x00000000dbd00000|100%|HC|  |TAMS 0x00000000dbd00000, 0x00000000dbc00000| Complete 
| 303|0x00000000dbd00000, 0x00000000dbe00000, 0x00000000dbe00000|100%|HC|  |TAMS 0x00000000dbe00000, 0x00000000dbd00000| Complete 
| 304|0x00000000dbe00000, 0x00000000dbf00000, 0x00000000dbf00000|100%|HC|  |TAMS 0x00000000dbf00000, 0x00000000dbe00000| Complete 
| 305|0x00000000dbf00000, 0x00000000dc000000, 0x00000000dc000000|100%|HS|  |TAMS 0x00000000dbf00000, 0x00000000dbf00000| Complete 
| 306|0x00000000dc000000, 0x00000000dc100000, 0x00000000dc100000|100%|HC|  |TAMS 0x00000000dc000000, 0x00000000dc000000| Complete 
| 307|0x00000000dc100000, 0x00000000dc200000, 0x00000000dc200000|100%|HC|  |TAMS 0x00000000dc100000, 0x00000000dc100000| Complete 
| 308|0x00000000dc200000, 0x00000000dc300000, 0x00000000dc300000|100%|HC|  |TAMS 0x00000000dc200000, 0x00000000dc200000| Complete 
| 309|0x00000000dc300000, 0x00000000dc340090, 0x00000000dc400000| 25%| E|  |TAMS 0x00000000dc300000, 0x00000000dc300000| Complete 
| 310|0x00000000dc400000, 0x00000000dc500000, 0x00000000dc500000|100%| E|CS|TAMS 0x00000000dc400000, 0x00000000dc400000| Complete 
| 311|0x00000000dc500000, 0x00000000dc5e00e0, 0x00000000dc600000| 87%| E|  |TAMS 0x00000000dc500000, 0x00000000dc500000| Complete 
| 312|0x00000000dc600000, 0x00000000dc700000, 0x00000000dc700000|100%| E|CS|TAMS 0x00000000dc600000, 0x00000000dc600000| Complete 
| 313|0x00000000dc700000, 0x00000000dc800000, 0x00000000dc800000|100%| E|CS|TAMS 0x00000000dc700000, 0x00000000dc700000| Complete 
| 314|0x00000000dc800000, 0x00000000dc8f6810, 0x00000000dc900000| 96%| S|CS|TAMS 0x00000000dc800000, 0x00000000dc800000| Complete 

Card table byte_map: [0x000001c9096e0000,0x000001c9098a0000] _byte_map_base: 0x000001c909099000

Marking Bits (Prev, Next): (CMBitMap*) 0x000001c902dbbcc0, (CMBitMap*) 0x000001c902dbbc80
 Prev Bits: [0x000001c90a830000, 0x000001c90b5f8000)
 Next Bits: [0x000001c909a60000, 0x000001c90a828000)

Polling page: 0x000001c900d00000

Metaspace:

Usage:
  Non-class:     72.86 MB used.
      Class:     11.86 MB used.
       Both:     84.72 MB used.

Virtual space:
  Non-class space:      128.00 MB reserved,      73.25 MB ( 57%) committed,  2 nodes.
      Class space:        1.00 GB reserved,      12.19 MB (  1%) committed,  1 nodes.
             Both:        1.12 GB reserved,      85.44 MB (  7%) committed. 

Chunk freelists:
   Non-Class:  5.84 MB
       Class:  3.73 MB
        Both:  9.58 MB

MaxMetaspaceSize: unlimited
CompressedClassSpaceSize: 1.00 GB
Initial GC threshold: 21.00 MB
Current GC threshold: 142.44 MB
CDS: off
MetaspaceReclaimPolicy: balanced
 - commit_granule_bytes: 65536.
 - commit_granule_words: 8192.
 - virtual_space_node_default_size: 8388608.
 - enlarge_chunks_in_place: 1.
 - new_chunks_are_fully_committed: 0.
 - uncommit_free_chunks: 1.
 - use_allocation_guard: 0.
 - handle_deallocations: 1.


Internal statistics:

num_allocs_failed_limit: 8.
num_arena_births: 1504.
num_arena_deaths: 350.
num_vsnodes_births: 3.
num_vsnodes_deaths: 0.
num_space_committed: 1367.
num_space_uncommitted: 0.
num_chunks_returned_to_freelist: 411.
num_chunks_taken_from_freelist: 4627.
num_chunk_merges: 134.
num_chunk_splits: 3033.
num_chunks_enlarged: 2118.
num_inconsistent_stats: 0.

CodeCache: size=49152Kb used=27258Kb max_used=28372Kb free=21893Kb
 bounds [0x000001c906410000, 0x000001c907fd0000, 0x000001c909410000]
 total_blobs=16403 nmethods=15681 adapters=646
 compilation: enabled
              stopped_count=0, restarted_count=0
 full_count=0

Compilation events (20 events):
Event: 35849.610 Thread 0x000001c91a178870 nmethod 17361 0x000001c907fc1490 code [0x000001c907fc1880, 0x000001c907fc2918]
Event: 35849.610 Thread 0x000001c90e0899e0 nmethod 17369 0x000001c907fc3610 code [0x000001c907fc37a0, 0x000001c907fc3878]
Event: 35849.610 Thread 0x000001c90e0899e0 17371       1       com.medical.springserver.model.registroRecordatorio.RegistroRecordatorio::<init> (5 bytes)
Event: 35849.613 Thread 0x000001c90e0899e0 nmethod 17371 0x000001c907fc3910 code [0x000001c907fc3aa0, 0x000001c907fc3b58]
Event: 35849.613 Thread 0x000001c91a178870 17372   !   1       jdk.internal.reflect.GeneratedConstructorAccessor93::newInstance (49 bytes)
Event: 35849.614 Thread 0x000001c91a178870 nmethod 17372 0x000001c907fc3c10 code [0x000001c907fc3dc0, 0x000001c907fc4048]
Event: 35849.616 Thread 0x000001c91529bff0 nmethod 17370 0x000001c907fc4210 code [0x000001c907fc43a0, 0x000001c907fc4478]
Event: 35849.682 Thread 0x000001c91529c500 nmethod 17368 0x000001c907fc4510 code [0x000001c907fc4700, 0x000001c907fc4c88]
Event: 35850.342 Thread 0x000001c91529c500 17373       1       org.hibernate.type.descriptor.java.FloatJavaType::wrap (7 bytes)
Event: 35850.351 Thread 0x000001c91529c500 nmethod 17373 0x000001c907fc4e90 code [0x000001c907fc5020, 0x000001c907fc5108]
Event: 35851.215 Thread 0x000001c91a178870 17374       1       org.hibernate.persister.collection.AbstractCollectionPersister::getAttributeMapping (5 bytes)
Event: 35851.220 Thread 0x000001c91a178870 nmethod 17374 0x000001c907f94890 code [0x000001c907f94a20, 0x000001c907f94af8]
Event: 35851.969 Thread 0x000001c91a178870 17375 % !   1       org.hibernate.type.descriptor.java.DataHelper::extractString @ 19 (116 bytes)
Event: 35851.995 Thread 0x000001c91a178870 nmethod 17375% 0x000001c907f93790 code [0x000001c907f939e0, 0x000001c907f942b8]
Event: 35852.204 Thread 0x000001c91a178870 17376   !   1       org.hibernate.type.descriptor.java.DataHelper::extractString (116 bytes)
Event: 35852.205 Thread 0x000001c91a178870 nmethod 17376 0x000001c907f92890 code [0x000001c907f92ae0, 0x000001c907f93258]
Event: 35852.293 Thread 0x000001c91a178870 17377       1       com.mysql.cj.jdbc.result.ResultSetImpl::getStringForClob (59 bytes)
Event: 35852.411 Thread 0x000001c90e0899e0 17378   !   1       jdk.internal.reflect.GeneratedConstructorAccessor90::newInstance (49 bytes)
Event: 35852.415 Thread 0x000001c90e0899e0 nmethod 17378 0x000001c907f92290 code [0x000001c907f92440, 0x000001c907f926c8]
Event: 35852.454 Thread 0x000001c91a178870 nmethod 17377 0x000001c907f91890 code [0x000001c907f91ac0, 0x000001c907f91e98]

GC Heap History (20 events):
Event: 35829.893 GC heap before
{Heap before GC invocations=66 (full 0):
 garbage-first heap   total 229376K, used 211778K [0x00000000c8e00000, 0x0000000100000000)
  region size 1024K, 11 young (11264K), 1 survivors (1024K)
 Metaspace       used 86712K, committed 87488K, reserved 1179648K
  class space    used 12138K, committed 12480K, reserved 1048576K
}
Event: 35831.313 GC heap after
{Heap after GC invocations=67 (full 0):
 garbage-first heap   total 229376K, used 76917K [0x00000000c8e00000, 0x0000000100000000)
  region size 1024K, 1 young (1024K), 1 survivors (1024K)
 Metaspace       used 86712K, committed 87488K, reserved 1179648K
  class space    used 12138K, committed 12480K, reserved 1048576K
}
Event: 35847.828 GC heap before
{Heap before GC invocations=67 (full 0):
 garbage-first heap   total 229376K, used 191605K [0x00000000c8e00000, 0x0000000100000000)
  region size 1024K, 11 young (11264K), 1 survivors (1024K)
 Metaspace       used 86719K, committed 87488K, reserved 1179648K
  class space    used 12139K, committed 12480K, reserved 1048576K
}
Event: 35847.924 GC heap after
{Heap after GC invocations=68 (full 0):
 garbage-first heap   total 229376K, used 55552K [0x00000000c8e00000, 0x0000000100000000)
  region size 1024K, 2 young (2048K), 2 survivors (2048K)
 Metaspace       used 86719K, committed 87488K, reserved 1179648K
  class space    used 12139K, committed 12480K, reserved 1048576K
}
Event: 35848.051 GC heap before
{Heap before GC invocations=68 (full 0):
 garbage-first heap   total 229376K, used 67840K [0x00000000c8e00000, 0x0000000100000000)
  region size 1024K, 11 young (11264K), 2 survivors (2048K)
 Metaspace       used 86719K, committed 87488K, reserved 1179648K
  class space    used 12139K, committed 12480K, reserved 1048576K
}
Event: 35848.169 GC heap after
{Heap after GC invocations=69 (full 0):
 garbage-first heap   total 229376K, used 68223K [0x00000000c8e00000, 0x0000000100000000)
  region size 1024K, 2 young (2048K), 2 survivors (2048K)
 Metaspace       used 86719K, committed 87488K, reserved 1179648K
  class space    used 12139K, committed 12480K, reserved 1048576K
}
Event: 35848.192 GC heap before
{Heap before GC invocations=69 (full 0):
 garbage-first heap   total 229376K, used 69247K [0x00000000c8e00000, 0x0000000100000000)
  region size 1024K, 5 young (5120K), 2 survivors (2048K)
 Metaspace       used 86719K, committed 87488K, reserved 1179648K
  class space    used 12139K, committed 12480K, reserved 1048576K
}
Event: 35848.293 GC heap after
{Heap after GC invocations=70 (full 0):
 garbage-first heap   total 229376K, used 70912K [0x00000000c8e00000, 0x0000000100000000)
  region size 1024K, 2 young (2048K), 2 survivors (2048K)
 Metaspace       used 86719K, committed 87488K, reserved 1179648K
  class space    used 12139K, committed 12480K, reserved 1048576K
}
Event: 35848.732 GC heap before
{Heap before GC invocations=70 (full 0):
 garbage-first heap   total 229376K, used 107776K [0x00000000c8e00000, 0x0000000100000000)
  region size 1024K, 11 young (11264K), 2 survivors (2048K)
 Metaspace       used 86735K, committed 87488K, reserved 1179648K
  class space    used 12142K, committed 12480K, reserved 1048576K
}
Event: 35848.750 GC heap after
{Heap after GC invocations=71 (full 0):
 garbage-first heap   total 229376K, used 89728K [0x00000000c8e00000, 0x0000000100000000)
  region size 1024K, 1 young (1024K), 1 survivors (1024K)
 Metaspace       used 86735K, committed 87488K, reserved 1179648K
  class space    used 12142K, committed 12480K, reserved 1048576K
}
Event: 35849.110 GC heap before
{Heap before GC invocations=71 (full 0):
 garbage-first heap   total 229376K, used 150144K [0x00000000c8e00000, 0x0000000100000000)
  region size 1024K, 11 young (11264K), 1 survivors (1024K)
 Metaspace       used 86751K, committed 87488K, reserved 1179648K
  class space    used 12145K, committed 12480K, reserved 1048576K
}
Event: 35849.115 GC heap after
{Heap after GC invocations=72 (full 0):
 garbage-first heap   total 229376K, used 98080K [0x00000000c8e00000, 0x0000000100000000)
  region size 1024K, 1 young (1024K), 1 survivors (1024K)
 Metaspace       used 86751K, committed 87488K, reserved 1179648K
  class space    used 12145K, committed 12480K, reserved 1048576K
}
Event: 35851.466 GC heap before
{Heap before GC invocations=73 (full 0):
 garbage-first heap   total 322560K, used 250656K [0x00000000c8e00000, 0x0000000100000000)
  region size 1024K, 19 young (19456K), 1 survivors (1024K)
 Metaspace       used 86754K, committed 87488K, reserved 1179648K
  class space    used 12145K, committed 12480K, reserved 1048576K
}
Event: 35851.470 GC heap after
{Heap after GC invocations=74 (full 0):
 garbage-first heap   total 322560K, used 156275K [0x00000000c8e00000, 0x0000000100000000)
  region size 1024K, 2 young (2048K), 2 survivors (2048K)
 Metaspace       used 86754K, committed 87488K, reserved 1179648K
  class space    used 12145K, committed 12480K, reserved 1048576K
}
Event: 35851.931 GC heap before
{Heap before GC invocations=74 (full 0):
 garbage-first heap   total 322560K, used 312947K [0x00000000c8e00000, 0x0000000100000000)
  region size 1024K, 9 young (9216K), 2 survivors (2048K)
 Metaspace       used 86754K, committed 87488K, reserved 1179648K
  class space    used 12145K, committed 12480K, reserved 1048576K
}
Event: 35851.945 GC heap after
{Heap after GC invocations=75 (full 0):
 garbage-first heap   total 322560K, used 181372K [0x00000000c8e00000, 0x0000000100000000)
  region size 1024K, 1 young (1024K), 1 survivors (1024K)
 Metaspace       used 86754K, committed 87488K, reserved 1179648K
  class space    used 12145K, committed 12480K, reserved 1048576K
}
Event: 35852.344 GC heap before
{Heap before GC invocations=75 (full 0):
 garbage-first heap   total 322560K, used 314492K [0x00000000c8e00000, 0x0000000100000000)
  region size 1024K, 7 young (7168K), 1 survivors (1024K)
 Metaspace       used 86754K, committed 87488K, reserved 1179648K
  class space    used 12145K, committed 12480K, reserved 1048576K
}
Event: 35852.359 GC heap after
{Heap after GC invocations=76 (full 0):
 garbage-first heap   total 322560K, used 214884K [0x00000000c8e00000, 0x0000000100000000)
  region size 1024K, 1 young (1024K), 1 survivors (1024K)
 Metaspace       used 86754K, committed 87488K, reserved 1179648K
  class space    used 12145K, committed 12480K, reserved 1048576K
}
Event: 35852.392 GC heap before
{Heap before GC invocations=76 (full 0):
 garbage-first heap   total 322560K, used 220004K [0x00000000c8e00000, 0x0000000100000000)
  region size 1024K, 1 young (1024K), 1 survivors (1024K)
 Metaspace       used 86754K, committed 87488K, reserved 1179648K
  class space    used 12145K, committed 12480K, reserved 1048576K
}
Event: 35852.394 GC heap after
{Heap after GC invocations=77 (full 0):
 garbage-first heap   total 322560K, used 214869K [0x00000000c8e00000, 0x0000000100000000)
  region size 1024K, 1 young (1024K), 1 survivors (1024K)
 Metaspace       used 86754K, committed 87488K, reserved 1179648K
  class space    used 12145K, committed 12480K, reserved 1048576K
}

Dll operation events (9 events):
Event: 0.012 Loaded shared library D:\Eclipse 2023\eclipse-java-2023-06-R-win32-x86_64\eclipse\plugins\org.eclipse.justj.openjdk.hotspot.jre.full.win32.x86_64_17.0.7.v20230425-1502\jre\bin\java.dll
Event: 0.351 Loaded shared library D:\Eclipse 2023\eclipse-java-2023-06-R-win32-x86_64\eclipse\plugins\org.eclipse.justj.openjdk.hotspot.jre.full.win32.x86_64_17.0.7.v20230425-1502\jre\bin\net.dll
Event: 0.354 Loaded shared library D:\Eclipse 2023\eclipse-java-2023-06-R-win32-x86_64\eclipse\plugins\org.eclipse.justj.openjdk.hotspot.jre.full.win32.x86_64_17.0.7.v20230425-1502\jre\bin\nio.dll
Event: 0.364 Loaded shared library D:\Eclipse 2023\eclipse-java-2023-06-R-win32-x86_64\eclipse\plugins\org.eclipse.justj.openjdk.hotspot.jre.full.win32.x86_64_17.0.7.v20230425-1502\jre\bin\zip.dll
Event: 0.509 Loaded shared library D:\Eclipse 2023\eclipse-java-2023-06-R-win32-x86_64\eclipse\plugins\org.eclipse.justj.openjdk.hotspot.jre.full.win32.x86_64_17.0.7.v20230425-1502\jre\bin\verify.dll
Event: 0.521 Loaded shared library D:\Eclipse 2023\eclipse-java-2023-06-R-win32-x86_64\eclipse\plugins\org.eclipse.justj.openjdk.hotspot.jre.full.win32.x86_64_17.0.7.v20230425-1502\jre\bin\jimage.dll
Event: 4.828 Loaded shared library D:\Eclipse 2023\eclipse-java-2023-06-R-win32-x86_64\eclipse\plugins\org.eclipse.justj.openjdk.hotspot.jre.full.win32.x86_64_17.0.7.v20230425-1502\jre\bin\sunmscapi.dll
Event: 4.837 Loaded shared library D:\Eclipse 2023\eclipse-java-2023-06-R-win32-x86_64\eclipse\plugins\org.eclipse.justj.openjdk.hotspot.jre.full.win32.x86_64_17.0.7.v20230425-1502\jre\bin\management.dll
Event: 4.843 Loaded shared library D:\Eclipse 2023\eclipse-java-2023-06-R-win32-x86_64\eclipse\plugins\org.eclipse.justj.openjdk.hotspot.jre.full.win32.x86_64_17.0.7.v20230425-1502\jre\bin\management_ext.dll

Deoptimization events (18 events):
Event: 1.576 Thread 0x000001c902d7e1c0 DEOPT PACKING pc=0x000001c9068a9e19 sp=0x0000009498cfd6f0
Event: 1.576 Thread 0x000001c902d7e1c0 DEOPT UNPACKING pc=0x000001c906467143 sp=0x0000009498cfcbd0 mode 3
Event: 4.390 Thread 0x000001c902d7e1c0 DEOPT PACKING pc=0x000001c906c0917d sp=0x0000009498cfd590
Event: 4.390 Thread 0x000001c902d7e1c0 DEOPT UNPACKING pc=0x000001c906467143 sp=0x0000009498cfcaf8 mode 3
Event: 5.028 Thread 0x000001c902d7e1c0 DEOPT PACKING pc=0x000001c9068c3b01 sp=0x0000009498cfeb10
Event: 5.028 Thread 0x000001c902d7e1c0 DEOPT UNPACKING pc=0x000001c906467143 sp=0x0000009498cfdfa0 mode 3
Event: 5.029 Thread 0x000001c913bf0010 DEOPT PACKING pc=0x000001c9068b9917 sp=0x000000949a4febb0
Event: 5.029 Thread 0x000001c913bf0010 DEOPT UNPACKING pc=0x000001c906467143 sp=0x000000949a4fe008 mode 3
Event: 10.624 Thread 0x000001c902d7e1c0 DEOPT PACKING pc=0x000001c90690c694 sp=0x0000009498cfc950
Event: 10.624 Thread 0x000001c902d7e1c0 DEOPT UNPACKING pc=0x000001c906467143 sp=0x0000009498cfbea8 mode 0
Event: 12.056 Thread 0x000001c902d7e1c0 DEOPT PACKING pc=0x000001c9068e1ac2 sp=0x0000009498cfd6d0
Event: 12.056 Thread 0x000001c902d7e1c0 DEOPT UNPACKING pc=0x000001c906467143 sp=0x0000009498cfcbd8 mode 3
Event: 12.632 Thread 0x000001c902d7e1c0 DEOPT PACKING pc=0x000001c907271719 sp=0x0000009498cfd8f0
Event: 12.632 Thread 0x000001c902d7e1c0 DEOPT UNPACKING pc=0x000001c906467143 sp=0x0000009498cfcdd0 mode 3
Event: 847.077 Thread 0x000001c915142880 DEOPT PACKING pc=0x000001c90738fa7b sp=0x000000949bcfb9e0
Event: 847.079 Thread 0x000001c915142880 DEOPT UNPACKING pc=0x000001c906467143 sp=0x000000949bcfaf08 mode 3
Event: 847.083 Thread 0x000001c915142880 DEOPT PACKING pc=0x000001c90738d32b sp=0x000000949bcfb8f0
Event: 847.083 Thread 0x000001c915142880 DEOPT UNPACKING pc=0x000001c906467143 sp=0x000000949bcfae00 mode 3

Classes unloaded (20 events):
Event: 33587.519 Thread 0x000001c90e0251f0 Unloading class 0x0000000100c2a400 'java/lang/invoke/LambdaForm$MH+0x0000000100c2a400'
Event: 33587.519 Thread 0x000001c90e0251f0 Unloading class 0x0000000100c2a000 'java/lang/invoke/LambdaForm$MH+0x0000000100c2a000'
Event: 33587.519 Thread 0x000001c90e0251f0 Unloading class 0x0000000100c29c00 'java/lang/invoke/LambdaForm$MH+0x0000000100c29c00'
Event: 33587.519 Thread 0x000001c90e0251f0 Unloading class 0x0000000100c29800 'java/lang/invoke/LambdaForm$MH+0x0000000100c29800'
Event: 33587.519 Thread 0x000001c90e0251f0 Unloading class 0x0000000100b31000 'jdk/internal/reflect/GeneratedConstructorAccessor100'
Event: 33587.520 Thread 0x000001c90e0251f0 Unloading class 0x0000000100b30c00 'jdk/internal/reflect/GeneratedMethodAccessor189'
Event: 33587.520 Thread 0x000001c90e0251f0 Unloading class 0x0000000100c18000 'java/lang/invoke/LambdaForm$MH+0x0000000100c18000'
Event: 33587.521 Thread 0x000001c90e0251f0 Unloading class 0x0000000100c13c00 'java/lang/invoke/LambdaForm$MH+0x0000000100c13c00'
Event: 33587.521 Thread 0x000001c90e0251f0 Unloading class 0x0000000100c13800 'java/lang/invoke/LambdaForm$MH+0x0000000100c13800'
Event: 33587.521 Thread 0x000001c90e0251f0 Unloading class 0x0000000100c13400 'java/lang/invoke/LambdaForm$MH+0x0000000100c13400'
Event: 33587.521 Thread 0x000001c90e0251f0 Unloading class 0x0000000100c13000 'java/lang/invoke/LambdaForm$MH+0x0000000100c13000'
Event: 33587.521 Thread 0x000001c90e0251f0 Unloading class 0x0000000100c12c00 'java/lang/invoke/LambdaForm$MH+0x0000000100c12c00'
Event: 33587.521 Thread 0x000001c90e0251f0 Unloading class 0x0000000100c12800 'java/lang/invoke/LambdaForm$MH+0x0000000100c12800'
Event: 33587.521 Thread 0x000001c90e0251f0 Unloading class 0x0000000100c12400 'java/lang/invoke/LambdaForm$MH+0x0000000100c12400'
Event: 33587.521 Thread 0x000001c90e0251f0 Unloading class 0x0000000100c08800 'jdk/internal/reflect/GeneratedConstructorAccessor86'
Event: 33587.522 Thread 0x000001c90e0251f0 Unloading class 0x0000000100bb9000 'jdk/internal/reflect/GeneratedConstructorAccessor81'
Event: 33587.522 Thread 0x000001c90e0251f0 Unloading class 0x0000000100bb8c00 'jdk/internal/reflect/GeneratedConstructorAccessor80'
Event: 33587.522 Thread 0x000001c90e0251f0 Unloading class 0x0000000100bb8800 'jdk/internal/reflect/GeneratedConstructorAccessor79'
Event: 33587.522 Thread 0x000001c90e0251f0 Unloading class 0x0000000100bb8400 'jdk/internal/reflect/GeneratedConstructorAccessor78'
Event: 33587.522 Thread 0x000001c90e0251f0 Unloading class 0x0000000100b90400 'jdk/internal/reflect/GeneratedConstructorAccessor67'

Classes redefined (0 events):
No events

Internal exceptions (20 events):
Event: 22174.836 Thread 0x000001c9151a4cc0 Exception <a 'java/io/IOException'{0x00000000d425ebb0}> (0x00000000d425ebb0) 
thrown [s\src\hotspot\share\prims\jni.cpp, line 516]
Event: 22174.891 Thread 0x000001c9151a4cc0 Exception <a 'java/io/IOException'{0x00000000d425f6f0}> (0x00000000d425f6f0) 
thrown [s\src\hotspot\share\prims\jni.cpp, line 516]
Event: 22178.849 Thread 0x000001c9151a4cc0 Exception <a 'java/io/IOException'{0x00000000d42647b0}> (0x00000000d42647b0) 
thrown [s\src\hotspot\share\prims\jni.cpp, line 516]
Event: 22178.849 Thread 0x000001c9151a4cc0 Exception <a 'java/io/IOException'{0x00000000d42652f0}> (0x00000000d42652f0) 
thrown [s\src\hotspot\share\prims\jni.cpp, line 516]
Event: 22198.940 Thread 0x000001c9151a7810 Exception <a 'java/net/SocketException'{0x00000000d3e36228}: Connection reset by peer: shutdown> (0x00000000d3e36228) 
thrown [s\src\hotspot\share\prims\jni.cpp, line 535]
Event: 23941.010 Thread 0x000001c9151a5b30 Exception <a 'java/io/IOException'{0x00000000d26924c8}> (0x00000000d26924c8) 
thrown [s\src\hotspot\share\prims\jni.cpp, line 516]
Event: 23941.032 Thread 0x000001c9151a5b30 Exception <a 'java/io/IOException'{0x00000000d2693008}> (0x00000000d2693008) 
thrown [s\src\hotspot\share\prims\jni.cpp, line 516]
Event: 23949.197 Thread 0x000001c9151a5b30 Exception <a 'java/io/IOException'{0x00000000d269add8}> (0x00000000d269add8) 
thrown [s\src\hotspot\share\prims\jni.cpp, line 516]
Event: 25703.773 Thread 0x000001c9151a64d0 Exception <a 'java/net/SocketException'{0x00000000d1201950}: Connection reset by peer: shutdown> (0x00000000d1201950) 
thrown [s\src\hotspot\share\prims\jni.cpp, line 535]
Event: 27475.553 Thread 0x000001c9151a94f0 Exception <a 'java/net/SocketException'{0x00000000cf934370}: Connection reset by peer: shutdown> (0x00000000cf934370) 
thrown [s\src\hotspot\share\prims\jni.cpp, line 535]
Event: 29244.913 Thread 0x000001c9151a47f0 Exception <a 'java/net/SocketException'{0x00000000ceb3faf8}: Connection reset by peer: shutdown> (0x00000000ceb3faf8) 
thrown [s\src\hotspot\share\prims\jni.cpp, line 535]
Event: 31023.403 Thread 0x000001c9151a94f0 Exception <a 'java/io/IOException'{0x00000000d5f87840}> (0x00000000d5f87840) 
thrown [s\src\hotspot\share\prims\jni.cpp, line 516]
Event: 31023.419 Thread 0x000001c9151a94f0 Exception <a 'java/io/IOException'{0x00000000d5f88380}> (0x00000000d5f88380) 
thrown [s\src\hotspot\share\prims\jni.cpp, line 516]
Event: 32795.621 Thread 0x000001c9151a94f0 Exception <a 'java/net/SocketException'{0x00000000d5017348}: Connection reset by peer: shutdown> (0x00000000d5017348) 
thrown [s\src\hotspot\share\prims\jni.cpp, line 535]
Event: 32830.795 Thread 0x000001c9151a5190 Exception <a 'java/net/SocketException'{0x00000000d4f01950}: Connection reset by peer: shutdown> (0x00000000d4f01950) 
thrown [s\src\hotspot\share\prims\jni.cpp, line 535]
Event: 34625.422 Thread 0x000001c9151a47f0 Exception <a 'java/net/SocketException'{0x00000000d66aa2a0}: Connection reset by peer: shutdown> (0x00000000d66aa2a0) 
thrown [s\src\hotspot\share\prims\jni.cpp, line 535]
Event: 34641.138 Thread 0x000001c9151a8b50 Exception <a 'java/io/IOException'{0x00000000d635d8d0}> (0x00000000d635d8d0) 
thrown [s\src\hotspot\share\prims\jni.cpp, line 516]
Event: 35833.949 Thread 0x000001c9151a3980 Exception <a 'java/io/IOException'{0x00000000d6cea1a0}> (0x00000000d6cea1a0) 
thrown [s\src\hotspot\share\prims\jni.cpp, line 516]
Event: 35835.303 Thread 0x000001c9151a3980 Exception <a 'java/io/IOException'{0x00000000d6ceb968}> (0x00000000d6ceb968) 
thrown [s\src\hotspot\share\prims\jni.cpp, line 516]
Event: 35836.264 Thread 0x000001c9151a3980 Exception <a 'java/io/IOException'{0x00000000d6cfb6f8}> (0x00000000d6cfb6f8) 
thrown [s\src\hotspot\share\prims\jni.cpp, line 516]

VM Operations (20 events):
Event: 35848.294 Executing VM operation: G1TryInitiateConcMark done
Event: 35848.698 Executing VM operation: G1CollectForAllocation
Event: 35848.750 Executing VM operation: G1CollectForAllocation done
Event: 35849.096 Executing VM operation: G1CollectForAllocation
Event: 35849.115 Executing VM operation: G1CollectForAllocation done
Event: 35850.126 Executing VM operation: Cleanup
Event: 35850.175 Executing VM operation: Cleanup done
Event: 35850.517 Executing VM operation: G1Concurrent
Event: 35851.131 Executing VM operation: G1Concurrent done
Event: 35851.177 Executing VM operation: G1Concurrent
Event: 35851.177 Executing VM operation: G1Concurrent done
Event: 35851.466 Executing VM operation: G1CollectForAllocation
Event: 35851.470 Executing VM operation: G1CollectForAllocation done
Event: 35851.931 Executing VM operation: G1CollectForAllocation
Event: 35851.946 Executing VM operation: G1CollectForAllocation done
Event: 35852.304 Executing VM operation: G1CollectForAllocation
Event: 35852.359 Executing VM operation: G1CollectForAllocation done
Event: 35852.359 Executing VM operation: G1TryInitiateConcMark
Event: 35852.394 Executing VM operation: G1TryInitiateConcMark done
Event: 35852.492 Executing VM operation: G1Concurrent

Events (20 events):
Event: 34633.414 Thread 0x000001c91a717030 Thread exited: 0x000001c91a717030
Event: 34633.647 Thread 0x000001c9151a47f0 Thread added: 0x000001c9151a47f0
Event: 34643.188 Thread 0x000001c9151a47f0 Thread exited: 0x000001c9151a47f0
Event: 34644.503 Thread 0x000001c91a178870 Thread exited: 0x000001c91a178870
Event: 34644.754 Thread 0x000001c9151a81b0 Thread exited: 0x000001c9151a81b0
Event: 34652.949 Thread 0x000001c9151a8680 Thread added: 0x000001c9151a8680
Event: 34652.951 Thread 0x000001c9151a6000 Thread added: 0x000001c9151a6000
Event: 34657.972 Thread 0x000001c9151a8680 Thread exited: 0x000001c9151a8680
Event: 34658.028 Thread 0x000001c9151a6000 Thread exited: 0x000001c9151a6000
Event: 34677.631 Thread 0x000001c9151a47f0 Thread added: 0x000001c9151a47f0
Event: 34677.631 Thread 0x000001c9151a4cc0 Thread added: 0x000001c9151a4cc0
Event: 34682.641 Thread 0x000001c9151a47f0 Thread exited: 0x000001c9151a47f0
Event: 34682.777 Thread 0x000001c9151a4cc0 Thread exited: 0x000001c9151a4cc0
Event: 35082.940 Thread 0x000001c915267860 Thread added: 0x000001c915267860
Event: 35087.977 Thread 0x000001c915267860 Thread exited: 0x000001c915267860
Event: 35847.649 Thread 0x000001c91a178870 Thread added: 0x000001c91a178870
Event: 35847.943 Thread 0x000001c91529bff0 Thread added: 0x000001c91529bff0
Event: 35847.943 Thread 0x000001c91529c500 Thread added: 0x000001c91529c500
Event: 35851.221 Thread 0x000001c91529c500 Thread exited: 0x000001c91529c500
Event: 35851.969 Thread 0x000001c91529bff0 Thread exited: 0x000001c91529bff0


Dynamic libraries:
0x00007ff6eb650000 - 0x00007ff6eb65e000 	D:\Eclipse 2023\eclipse-java-2023-06-R-win32-x86_64\eclipse\plugins\org.eclipse.justj.openjdk.hotspot.jre.full.win32.x86_64_17.0.7.v20230425-1502\jre\bin\java.exe
0x00007ffb60550000 - 0x00007ffb60764000 	C:\WINDOWS\SYSTEM32\ntdll.dll
0x00007ffb5fc20000 - 0x00007ffb5fce2000 	C:\WINDOWS\System32\KERNEL32.DLL
0x00007ffb5de30000 - 0x00007ffb5e1d3000 	C:\WINDOWS\System32\KERNELBASE.dll
0x00007ffb5db30000 - 0x00007ffb5dc41000 	C:\WINDOWS\System32\ucrtbase.dll
0x00007ffb41540000 - 0x00007ffb41559000 	D:\Eclipse 2023\eclipse-java-2023-06-R-win32-x86_64\eclipse\plugins\org.eclipse.justj.openjdk.hotspot.jre.full.win32.x86_64_17.0.7.v20230425-1502\jre\bin\VCRUNTIME140.dll
0x00007ffb3adf0000 - 0x00007ffb3ae07000 	D:\Eclipse 2023\eclipse-java-2023-06-R-win32-x86_64\eclipse\plugins\org.eclipse.justj.openjdk.hotspot.jre.full.win32.x86_64_17.0.7.v20230425-1502\jre\bin\jli.dll
0x00007ffb5e450000 - 0x00007ffb5e5fa000 	C:\WINDOWS\System32\USER32.dll
0x00007ffb5e300000 - 0x00007ffb5e326000 	C:\WINDOWS\System32\win32u.dll
0x00007ffb602a0000 - 0x00007ffb602c9000 	C:\WINDOWS\System32\GDI32.dll
0x00007ffb5d950000 - 0x00007ffb5da69000 	C:\WINDOWS\System32\gdi32full.dll
0x00007ffb44d70000 - 0x00007ffb44ffe000 	C:\WINDOWS\WinSxS\amd64_microsoft.windows.common-controls_6595b64144ccf1df_6.0.22621.1635_none_270f70857386168e\COMCTL32.dll
0x00007ffb5e260000 - 0x00007ffb5e2fa000 	C:\WINDOWS\System32\msvcp_win.dll
0x00007ffb5fcf0000 - 0x00007ffb5fd97000 	C:\WINDOWS\System32\msvcrt.dll
0x00007ffb601b0000 - 0x00007ffb601e1000 	C:\WINDOWS\System32\IMM32.DLL
0x00007ffb4e340000 - 0x00007ffb4e34c000 	D:\Eclipse 2023\eclipse-java-2023-06-R-win32-x86_64\eclipse\plugins\org.eclipse.justj.openjdk.hotspot.jre.full.win32.x86_64_17.0.7.v20230425-1502\jre\bin\vcruntime140_1.dll
0x00007ffb2d4c0000 - 0x00007ffb2d551000 	D:\Eclipse 2023\eclipse-java-2023-06-R-win32-x86_64\eclipse\plugins\org.eclipse.justj.openjdk.hotspot.jre.full.win32.x86_64_17.0.7.v20230425-1502\jre\bin\msvcp140.dll
0x00007ffae6490000 - 0x00007ffae70d8000 	D:\Eclipse 2023\eclipse-java-2023-06-R-win32-x86_64\eclipse\plugins\org.eclipse.justj.openjdk.hotspot.jre.full.win32.x86_64_17.0.7.v20230425-1502\jre\bin\server\jvm.dll
0x00007ffb5fda0000 - 0x00007ffb5fe4e000 	C:\WINDOWS\System32\ADVAPI32.dll
0x00007ffb5f5a0000 - 0x00007ffb5f644000 	C:\WINDOWS\System32\sechost.dll
0x00007ffb5e330000 - 0x00007ffb5e447000 	C:\WINDOWS\System32\RPCRT4.dll
0x00007ffb56520000 - 0x00007ffb56554000 	C:\WINDOWS\SYSTEM32\WINMM.dll
0x00007ffb577b0000 - 0x00007ffb577b9000 	C:\WINDOWS\SYSTEM32\WSOCK32.dll
0x00007ffb60210000 - 0x00007ffb60281000 	C:\WINDOWS\System32\WS2_32.dll
0x00007ffb564f0000 - 0x00007ffb564fa000 	C:\WINDOWS\SYSTEM32\VERSION.dll
0x00007ffb5c990000 - 0x00007ffb5c9a8000 	C:\WINDOWS\SYSTEM32\kernel.appcore.dll
0x00007ffb4f480000 - 0x00007ffb4f48a000 	D:\Eclipse 2023\eclipse-java-2023-06-R-win32-x86_64\eclipse\plugins\org.eclipse.justj.openjdk.hotspot.jre.full.win32.x86_64_17.0.7.v20230425-1502\jre\bin\jimage.dll
0x00007ffb5b580000 - 0x00007ffb5b7ae000 	C:\WINDOWS\SYSTEM32\DBGHELP.DLL
0x00007ffb5f0d0000 - 0x00007ffb5f459000 	C:\WINDOWS\System32\combase.dll
0x00007ffb5fff0000 - 0x00007ffb600c7000 	C:\WINDOWS\System32\OLEAUT32.dll
0x00007ffb4c140000 - 0x00007ffb4c172000 	C:\WINDOWS\SYSTEM32\dbgcore.DLL
0x00007ffb5e1e0000 - 0x00007ffb5e25a000 	C:\WINDOWS\System32\bcryptPrimitives.dll
0x00007ffb3b6e0000 - 0x00007ffb3b705000 	D:\Eclipse 2023\eclipse-java-2023-06-R-win32-x86_64\eclipse\plugins\org.eclipse.justj.openjdk.hotspot.jre.full.win32.x86_64_17.0.7.v20230425-1502\jre\bin\java.dll
0x00007ffb3b6c0000 - 0x00007ffb3b6d8000 	D:\Eclipse 2023\eclipse-java-2023-06-R-win32-x86_64\eclipse\plugins\org.eclipse.justj.openjdk.hotspot.jre.full.win32.x86_64_17.0.7.v20230425-1502\jre\bin\zip.dll
0x00007ffb5e760000 - 0x00007ffb5ef59000 	C:\WINDOWS\System32\SHELL32.dll
0x00007ffb5b910000 - 0x00007ffb5c1de000 	C:\WINDOWS\SYSTEM32\windows.storage.dll
0x00007ffb5b7d0000 - 0x00007ffb5b90e000 	C:\WINDOWS\SYSTEM32\wintypes.dll
0x00007ffb5efd0000 - 0x00007ffb5f0c1000 	C:\WINDOWS\System32\SHCORE.dll
0x00007ffb600d0000 - 0x00007ffb6012e000 	C:\WINDOWS\System32\shlwapi.dll
0x00007ffb5d880000 - 0x00007ffb5d8a6000 	C:\WINDOWS\SYSTEM32\profapi.dll
0x00007ffb3b6a0000 - 0x00007ffb3b6b9000 	D:\Eclipse 2023\eclipse-java-2023-06-R-win32-x86_64\eclipse\plugins\org.eclipse.justj.openjdk.hotspot.jre.full.win32.x86_64_17.0.7.v20230425-1502\jre\bin\net.dll
0x00007ffb56380000 - 0x00007ffb564b7000 	C:\WINDOWS\SYSTEM32\WINHTTP.dll
0x00007ffb5ce10000 - 0x00007ffb5ce79000 	C:\WINDOWS\system32\mswsock.dll
0x00007ffb3b680000 - 0x00007ffb3b695000 	D:\Eclipse 2023\eclipse-java-2023-06-R-win32-x86_64\eclipse\plugins\org.eclipse.justj.openjdk.hotspot.jre.full.win32.x86_64_17.0.7.v20230425-1502\jre\bin\nio.dll
0x00007ffb3be30000 - 0x00007ffb3be40000 	D:\Eclipse 2023\eclipse-java-2023-06-R-win32-x86_64\eclipse\plugins\org.eclipse.justj.openjdk.hotspot.jre.full.win32.x86_64_17.0.7.v20230425-1502\jre\bin\verify.dll
0x00007ffb5d070000 - 0x00007ffb5d08b000 	C:\WINDOWS\SYSTEM32\CRYPTSP.dll
0x00007ffb5c900000 - 0x00007ffb5c935000 	C:\WINDOWS\system32\rsaenh.dll
0x00007ffb5cf10000 - 0x00007ffb5cf3c000 	C:\WINDOWS\SYSTEM32\USERENV.dll
0x00007ffb5d210000 - 0x00007ffb5d238000 	C:\WINDOWS\SYSTEM32\bcrypt.dll
0x00007ffb5d090000 - 0x00007ffb5d09c000 	C:\WINDOWS\SYSTEM32\CRYPTBASE.dll
0x00007ffb5c480000 - 0x00007ffb5c4ad000 	C:\WINDOWS\SYSTEM32\IPHLPAPI.DLL
0x00007ffb5ef60000 - 0x00007ffb5ef69000 	C:\WINDOWS\System32\NSI.dll
0x00007ffb56a30000 - 0x00007ffb56a49000 	C:\WINDOWS\SYSTEM32\dhcpcsvc6.DLL
0x00007ffb56500000 - 0x00007ffb5651f000 	C:\WINDOWS\SYSTEM32\dhcpcsvc.DLL
0x00007ffb5c500000 - 0x00007ffb5c5f3000 	C:\WINDOWS\SYSTEM32\DNSAPI.dll
0x00007ffb3b5a0000 - 0x00007ffb3b5ae000 	D:\Eclipse 2023\eclipse-java-2023-06-R-win32-x86_64\eclipse\plugins\org.eclipse.justj.openjdk.hotspot.jre.full.win32.x86_64_17.0.7.v20230425-1502\jre\bin\sunmscapi.dll
0x00007ffb5dcc0000 - 0x00007ffb5de27000 	C:\WINDOWS\System32\CRYPT32.dll
0x00007ffb5d1e0000 - 0x00007ffb5d20e000 	C:\WINDOWS\SYSTEM32\ncrypt.dll
0x00007ffb5d1a0000 - 0x00007ffb5d1d7000 	C:\WINDOWS\SYSTEM32\NTASN1.dll
0x00007ffb31030000 - 0x00007ffb31039000 	D:\Eclipse 2023\eclipse-java-2023-06-R-win32-x86_64\eclipse\plugins\org.eclipse.justj.openjdk.hotspot.jre.full.win32.x86_64_17.0.7.v20230425-1502\jre\bin\management.dll
0x00007ffb307a0000 - 0x00007ffb307ab000 	D:\Eclipse 2023\eclipse-java-2023-06-R-win32-x86_64\eclipse\plugins\org.eclipse.justj.openjdk.hotspot.jre.full.win32.x86_64_17.0.7.v20230425-1502\jre\bin\management_ext.dll
0x00007ffb60290000 - 0x00007ffb60298000 	C:\WINDOWS\System32\PSAPI.DLL
0x00007ffb503f0000 - 0x00007ffb503fa000 	C:\Windows\System32\rasadhlp.dll
0x00007ffb54a80000 - 0x00007ffb54b04000 	C:\WINDOWS\System32\fwpuclnt.dll
0x00007ffb577a0000 - 0x00007ffb577a8000 	C:\WINDOWS\system32\wshunix.dll

dbghelp: loaded successfully - version: 4.0.5 - missing functions: none
symbol engine: initialized successfully - sym options: 0x614 - pdb path: .;D:\Eclipse 2023\eclipse-java-2023-06-R-win32-x86_64\eclipse\plugins\org.eclipse.justj.openjdk.hotspot.jre.full.win32.x86_64_17.0.7.v20230425-1502\jre\bin;C:\WINDOWS\SYSTEM32;C:\WINDOWS\WinSxS\amd64_microsoft.windows.common-controls_6595b64144ccf1df_6.0.22621.1635_none_270f70857386168e;D:\Eclipse 2023\eclipse-java-2023-06-R-win32-x86_64\eclipse\plugins\org.eclipse.justj.openjdk.hotspot.jre.full.win32.x86_64_17.0.7.v20230425-1502\jre\bin\server

VM Arguments:
jvm_args: -XX:TieredStopAtLevel=1 -Dfile.encoding=windows-1252 -Duser.country=AR -Duser.language=es -Duser.variant 
java_command: com.medical.springserver.SpringServerApplication
java_class_path (initial): C:\Users\Miri\Documents\GitHub\mediCAL\SpringServer\SpringServer\build\classes\java\main;C:\Users\Miri\Documents\GitHub\mediCAL\SpringServer\SpringServer\build\resources\main;C:\Users\Miri\.gradle\caches\modules-2\files-2.1\mysql\mysql-connector-java\8.0.26\e5ec6610020a3084b7d32ee725d1650176f6b3de\mysql-connector-java-8.0.26.jar;C:\Users\Miri\.gradle\caches\modules-2\files-2.1\org.springframework.security\spring-security-config\6.1.0\72b56af56900c04ee0ebd51f28d312df97e1b84a\spring-security-config-6.1.0.jar;C:\Users\Miri\.gradle\caches\modules-2\files-2.1\org.springframework.security\spring-security-web\6.1.0\4f7ddfeb82ec93ec376396f953b278b0a4c17552\spring-security-web-6.1.0.jar;C:\Users\Miri\.gradle\caches\modules-2\files-2.1\org.springframework.security\spring-security-core\6.1.0\cdda49bfd2bc957836f465f56263d5d667141327\spring-security-core-6.1.0.jar;C:\Users\Miri\.gradle\caches\modules-2\files-2.1\org.springframework.security\spring-security-crypto\6.1.0\a534841ad8f309d3a9dd2b45649afd8130bf8466\spring-security-crypto-6.1.0.jar;C:\Users\Miri\.gradle\caches\modules-2\files-2.1\com.google.firebase\firebase-admin\9.2.0\92f5b2f4da778efcd82c9421a0eccae70b11030c\firebase-admin-9.2.0.jar;C:\Users\Miri\.gradle\caches\modules-2\files-2.1\com.sun.mail\jakarta.mail\2.0.0\409efff67e50a231b965c2247f7c92ab70d43044\jakarta.mail-2.0.0.jar;C:\Users\Miri\.gradle\caches\modules-2\files-2.1\org.hibernate.orm\hibernate-core\6.2.2.Final\56cacc4b7b1c887174c73e9c206bdef6272f87e7\hibernate-core-6.2.2.Final.jar;C:\Users\Miri\.gradle\caches\modules-2\files-2.1\org.springframework.data\spring-data-jpa\3.1.0\bed32c8c47d3493091dd6aafd95adba610d9adeb\spring-data-jpa-3.1.0.jar;C:\Users\Miri\.gradle\caches\modules-2\files-2.1\org.springframework\spring-aspects\6.0.9\3b06099725350189816fcfad01834450378500ca\spring-aspects-6.0.9.jar;C:\Users\Miri\.gradle\caches\modules-2\files-2.1\org.springframework\spring-webmvc\6.0.9\e127c07a23403832d0c6292f4a0bf8c7a2b7329f\spring-web
Launcher Type: SUN_STANDARD

[Global flags]
     intx CICompilerCount                          = 4                                         {product} {ergonomic}
     uint ConcGCThreads                            = 2                                         {product} {ergonomic}
     uint G1ConcRefinementThreads                  = 8                                         {product} {ergonomic}
   size_t G1HeapRegionSize                         = 1048576                                   {product} {ergonomic}
    uintx GCDrainStackTargetSize                   = 64                                        {product} {ergonomic}
   size_t InitialHeapSize                          = 58720256                                  {product} {ergonomic}
   size_t MarkStackSize                            = 4194304                                   {product} {ergonomic}
   size_t MaxHeapSize                              = 924844032                                 {product} {ergonomic}
   size_t MaxNewSize                               = 554696704                                 {product} {ergonomic}
   size_t MinHeapDeltaBytes                        = 1048576                                   {product} {ergonomic}
   size_t MinHeapSize                              = 8388608                                   {product} {ergonomic}
    uintx NonProfiledCodeHeapSize                  = 0                                      {pd product} {ergonomic}
     bool ProfileInterpreter                       = false                                  {pd product} {command line}
    uintx ProfiledCodeHeapSize                     = 0                                      {pd product} {ergonomic}
   size_t SoftMaxHeapSize                          = 924844032                              {manageable} {ergonomic}
     intx TieredStopAtLevel                        = 1                                         {product} {command line}
     bool UseCompressedClassPointers               = true                           {product lp64_product} {ergonomic}
     bool UseCompressedOops                        = true                           {product lp64_product} {ergonomic}
     bool UseG1GC                                  = true                                      {product} {ergonomic}
     bool UseLargePagesIndividualAllocation        = false                                  {pd product} {ergonomic}

Logging:
Log output configuration:
 #0: stdout all=warning uptime,level,tags
 #1: stderr all=off uptime,level,tags

Environment Variables:
PATH=D:/Eclipse 2023/eclipse-java-2023-06-R-win32-x86_64/eclipse//plugins/org.eclipse.justj.openjdk.hotspot.jre.full.win32.x86_64_17.0.7.v20230425-1502/jre/bin/server;D:/Eclipse 2023/eclipse-java-2023-06-R-win32-x86_64/eclipse//plugins/org.eclipse.justj.openjdk.hotspot.jre.full.win32.x86_64_17.0.7.v20230425-1502/jre/bin;C:\WINDOWS\system32;C:\WINDOWS;C:\WINDOWS\System32\Wbem;C:\WINDOWS\System32\WindowsPowerShell\v1.0\;C:\WINDOWS\System32\OpenSSH\;C:\Program Files\Git\cmd;C:\Users\Miri\AppData\Local\Microsoft\WindowsApps;C:\Users\Miri\AppData\Local\GitHubDesktop\bin;D:\Eclipse 2023\eclipse-java-2023-06-R-win32-x86_64\eclipse;
USERNAME=Miranda
OS=Windows_NT
PROCESSOR_IDENTIFIER=AMD64 Family 23 Model 24 Stepping 1, AuthenticAMD
TMP=C:\Users\Miri\AppData\Local\Temp
TEMP=C:\Users\Miri\AppData\Local\Temp



---------------  S Y S T E M  ---------------

OS:
 Windows 11 , 64 bit Build 22621 (10.0.22621.1928)
OS uptime: 1 days 10:56 hours

CPU: total 8 (initial active 8) (8 cores per cpu, 2 threads per core) family 23 model 24 stepping 1 microcode 0x0, cx8, cmov, fxsr, ht, mmx, 3dnowpref, sse, sse2, sse3, ssse3, sse4a, sse4.1, sse4.2, popcnt, lzcnt, tsc, tscinvbit, avx, avx2, aes, clmul, bmi1, bmi2, adx, sha, fma, vzeroupper, clflush, clflushopt

Memory: 4k page, system-wide physical 3522M (182M free)
TotalPageFile size 14227M (AvailPageFile size 98M)
current process WorkingSet (physical memory assigned to process): 392M, peak: 395M
current process commit charge ("private bytes"): 549M, peak: 721M

vm_info: OpenJDK 64-Bit Server VM (17.0.7+7) for windows-amd64 JRE (17.0.7+7), built on Apr 18 2023 22:10:42 by "temurin" with MS VC++ 16.7 (VS2019)

END.
